2023-06-24 11:03:16.794 [info] Log level: Info
2023-06-24 11:03:16.794 [info] Validating found git in: "git"
2023-06-24 11:03:16.794 [info] Using git "2.25.1" from "git"
2023-06-24 11:03:16.794 [info] > git rev-parse --show-toplevel [70ms]
2023-06-24 11:03:16.794 [info] fatal: not a git repository (or any of the parent directories): .git
2023-06-24 11:03:16.795 [info] > git rev-parse --show-toplevel [2ms]
2023-06-24 11:03:16.795 [info] fatal: not a git repository (or any of the parent directories): .git
2023-06-24 11:03:16.796 [info] > git rev-parse --show-toplevel [6ms]
2023-06-24 11:03:16.796 [info] fatal: not a git repository (or any of the parent directories): .git
2023-06-24 11:03:16.796 [info] > git rev-parse --show-toplevel [2ms]
2023-06-24 11:03:16.796 [info] fatal: not a git repository (or any of the parent directories): .git
2023-06-24 11:03:16.796 [info] > git rev-parse --show-toplevel [3ms]
2023-06-24 11:03:16.796 [info] fatal: not a git repository (or any of the parent directories): .git
2023-06-24 11:03:16.796 [info] > git rev-parse --show-toplevel [2ms]
2023-06-24 11:03:16.797 [info] fatal: not a git repository (or any of the parent directories): .git
2023-06-24 11:03:16.797 [info] > git rev-parse --show-toplevel [2ms]
2023-06-24 11:03:16.797 [info] fatal: not a git repository (or any of the parent directories): .git
2023-06-24 11:03:16.797 [info] > git rev-parse --show-toplevel [9ms]
2023-06-24 11:03:16.797 [info] fatal: not a git repository (or any of the parent directories): .git
2023-06-24 11:03:16.797 [info] > git rev-parse --show-toplevel [3ms]
2023-06-24 11:03:16.798 [info] fatal: not a git repository (or any of the parent directories): .git
2023-06-24 11:03:16.798 [info] > git rev-parse --show-toplevel [1ms]
2023-06-24 11:03:16.798 [info] fatal: not a git repository (or any of the parent directories): .git
2023-06-24 11:03:16.798 [info] > git rev-parse --show-toplevel [1ms]
2023-06-24 11:03:16.798 [info] fatal: not a git repository (or any of the parent directories): .git
2023-06-24 11:03:16.799 [info] > git rev-parse --show-toplevel [2ms]
2023-06-24 11:03:16.799 [info] fatal: not a git repository (or any of the parent directories): .git
2023-06-24 11:03:16.799 [info] > git rev-parse --show-toplevel [1ms]
2023-06-24 11:03:16.799 [info] fatal: not a git repository (or any of the parent directories): .git
2023-06-24 11:03:16.799 [info] > git rev-parse --show-toplevel [1ms]
2023-06-24 11:03:16.799 [info] fatal: not a git repository (or any of the parent directories): .git
2023-06-24 11:03:16.799 [info] > git rev-parse --show-toplevel [27ms]
2023-06-24 11:03:16.799 [info] fatal: not a git repository (or any of the parent directories): .git
2023-06-24 11:03:16.800 [info] > git rev-parse --show-toplevel [6ms]
2023-06-24 11:03:16.800 [info] fatal: not a git repository (or any of the parent directories): .git
2023-06-24 11:03:16.800 [info] > git rev-parse --show-toplevel [21ms]
2023-06-24 11:03:16.800 [info] fatal: not a git repository (or any of the parent directories): .git
2023-06-24 11:03:16.800 [info] > git rev-parse --show-toplevel [37ms]
2023-06-24 11:03:16.800 [info] fatal: not a git repository (or any of the parent directories): .git
2023-06-24 11:04:03.223 [info] > git rev-parse --show-toplevel [181ms]
2023-06-24 11:04:03.223 [info] fatal: not a git repository (or any of the parent directories): .git
2023-06-24 11:04:06.657 [info] > git rev-parse --show-toplevel [7ms]
2023-06-24 11:04:06.658 [info] fatal: not a git repository (or any of the parent directories): .git
2023-06-24 11:05:22.018 [info] > git rev-parse --show-toplevel [18ms]
2023-06-24 11:05:22.018 [info] fatal: not a git repository (or any of the parent directories): .git
2023-06-24 11:05:29.171 [info] > git rev-parse --show-toplevel [8ms]
2023-06-24 11:05:29.172 [info] fatal: not a git repository (or any of the parent directories): .git
2023-06-24 11:05:37.313 [info] > git rev-parse --show-toplevel [9ms]
2023-06-24 11:05:37.313 [info] fatal: not a git repository (or any of the parent directories): .git
2023-06-24 11:05:38.962 [info] > git rev-parse --show-toplevel [10ms]
2023-06-24 11:05:38.963 [info] fatal: not a git repository (or any of the parent directories): .git
2023-06-24 11:05:53.820 [info] > git rev-parse --show-toplevel [11ms]
2023-06-24 11:05:53.821 [info] fatal: not a git repository (or any of the parent directories): .git
2023-06-24 11:06:01.325 [info] > git rev-parse --show-toplevel [13ms]
2023-06-24 11:06:01.325 [info] fatal: not a git repository (or any of the parent directories): .git
2023-06-24 11:07:05.519 [info] > git rev-parse --show-toplevel [21ms]
2023-06-24 11:07:05.520 [info] fatal: not a git repository (or any of the parent directories): .git
2023-06-24 11:07:41.382 [info] > git rev-parse --show-toplevel [9ms]
2023-06-24 11:07:41.382 [info] fatal: not a git repository (or any of the parent directories): .git
2023-06-24 11:08:21.109 [info] > git rev-parse --show-toplevel [4ms]
2023-06-24 11:08:21.110 [info] fatal: not a git repository (or any of the parent directories): .git
2023-06-24 11:08:34.242 [info] > git rev-parse --show-toplevel [4ms]
2023-06-24 11:08:34.243 [info] fatal: not a git repository (or any of the parent directories): .git
2023-06-24 11:20:32.309 [info] > git rev-parse --show-toplevel [13ms]
2023-06-24 11:20:32.310 [info] fatal: not a git repository (or any of the parent directories): .git
2023-06-24 11:20:33.845 [info] > git rev-parse --show-toplevel [5ms]
2023-06-24 11:20:33.845 [info] fatal: not a git repository (or any of the parent directories): .git
2023-06-24 11:25:05.931 [info] > git rev-parse --show-toplevel [7ms]
2023-06-24 11:25:05.931 [info] fatal: not a git repository (or any of the parent directories): .git
2023-06-24 11:25:20.015 [info] > git rev-parse --show-toplevel [3ms]
2023-06-24 11:25:20.015 [info] fatal: not a git repository (or any of the parent directories): .git
2023-06-24 11:25:42.951 [info] > git rev-parse --show-toplevel [3ms]
2023-06-24 11:25:42.951 [info] fatal: not a git repository (or any of the parent directories): .git
2023-06-24 11:26:13.660 [info] > git rev-parse --show-toplevel [8ms]
2023-06-24 11:26:13.661 [info] fatal: not a git repository (or any of the parent directories): .git
2023-06-24 11:26:48.098 [info] > git rev-parse --show-toplevel [6ms]
2023-06-24 11:26:48.099 [info] fatal: not a git repository (or any of the parent directories): .git
2023-06-24 11:27:52.965 [info] > git rev-parse --show-toplevel [16ms]
2023-06-24 11:27:52.967 [info] fatal: not a git repository (or any of the parent directories): .git
2023-06-24 11:27:55.545 [info] > git rev-parse --show-toplevel [10ms]
2023-06-24 11:27:55.545 [info] fatal: not a git repository (or any of the parent directories): .git
2023-06-24 11:27:56.280 [info] > git rev-parse --show-toplevel [11ms]
2023-06-24 11:27:56.281 [info] fatal: not a git repository (or any of the parent directories): .git
2023-06-24 11:31:28.321 [info] > git rev-parse --show-toplevel [6ms]
2023-06-24 11:31:28.322 [info] fatal: not a git repository (or any of the parent directories): .git
2023-06-24 11:31:29.300 [info] > git rev-parse --show-toplevel [3ms]
2023-06-24 11:31:29.300 [info] fatal: not a git repository (or any of the parent directories): .git
2023-06-24 11:31:31.231 [info] > git rev-parse --show-toplevel [4ms]
2023-06-24 11:31:31.232 [info] fatal: not a git repository (or any of the parent directories): .git
2023-06-24 11:33:33.915 [info] > git rev-parse --show-toplevel [4ms]
2023-06-24 11:33:33.916 [info] fatal: not a git repository (or any of the parent directories): .git
2023-06-24 11:33:38.033 [info] > git rev-parse --show-toplevel [2ms]
2023-06-24 11:33:38.034 [info] fatal: not a git repository (or any of the parent directories): .git
2023-06-24 11:33:41.467 [info] > git rev-parse --show-toplevel [3ms]
2023-06-24 11:33:41.468 [info] fatal: not a git repository (or any of the parent directories): .git
2023-06-24 11:33:48.959 [info] > git rev-parse --show-toplevel [4ms]
2023-06-24 11:33:48.960 [info] fatal: not a git repository (or any of the parent directories): .git
2023-06-24 11:33:56.347 [info] > git rev-parse --show-toplevel [2ms]
2023-06-24 11:33:56.347 [info] fatal: not a git repository (or any of the parent directories): .git
2023-06-24 11:33:57.494 [info] > git rev-parse --show-toplevel [4ms]
2023-06-24 11:33:57.495 [info] fatal: not a git repository (or any of the parent directories): .git
2023-06-24 11:34:48.209 [info] > git rev-parse --show-toplevel [4ms]
2023-06-24 11:34:48.210 [info] fatal: not a git repository (or any of the parent directories): .git
2023-06-24 11:36:38.732 [info] > git rev-parse --show-toplevel [9ms]
2023-06-24 11:36:38.732 [info] fatal: not a git repository (or any of the parent directories): .git
2023-06-24 11:36:42.479 [info] > git rev-parse --show-toplevel [4ms]
2023-06-24 11:36:42.479 [info] fatal: not a git repository (or any of the parent directories): .git
2023-06-24 11:37:26.731 [info] > git rev-parse --show-toplevel [6ms]
2023-06-24 11:37:26.731 [info] fatal: not a git repository (or any of the parent directories): .git
2023-06-24 11:37:55.350 [info] > git rev-parse --show-toplevel [12ms]
2023-06-24 11:37:55.351 [info] fatal: not a git repository (or any of the parent directories): .git
2023-06-24 11:38:26.441 [info] > git rev-parse --show-toplevel [5ms]
2023-06-24 11:38:26.441 [info] fatal: not a git repository (or any of the parent directories): .git
2023-06-24 11:39:45.200 [info] > git rev-parse --show-toplevel [9ms]
2023-06-24 11:39:45.201 [info] fatal: not a git repository (or any of the parent directories): .git
2023-06-24 11:42:04.939 [info] > git rev-parse --show-toplevel [6ms]
2023-06-24 11:42:04.940 [info] fatal: not a git repository (or any of the parent directories): .git
2023-06-24 11:42:55.348 [info] > git rev-parse --show-toplevel [6ms]
2023-06-24 11:42:55.349 [info] fatal: not a git repository (or any of the parent directories): .git
2023-06-24 11:43:13.404 [info] > git rev-parse --show-toplevel [3ms]
2023-06-24 11:43:13.404 [info] fatal: not a git repository (or any of the parent directories): .git
2023-06-24 11:43:15.313 [info] > git rev-parse --show-toplevel [3ms]
2023-06-24 11:43:15.313 [info] fatal: not a git repository (or any of the parent directories): .git
2023-06-24 11:56:34.811 [info] > git rev-parse --show-toplevel [5ms]
2023-06-24 11:56:34.811 [info] fatal: not a git repository (or any of the parent directories): .git
2023-06-24 11:59:06.919 [info] > git rev-parse --show-toplevel [4ms]
2023-06-24 11:59:06.920 [info] fatal: not a git repository (or any of the parent directories): .git
2023-06-24 12:00:37.932 [info] > git rev-parse --show-toplevel [13ms]
2023-06-24 12:00:37.933 [info] fatal: not a git repository (or any of the parent directories): .git
2023-06-24 12:00:47.087 [info] > git rev-parse --show-toplevel [3ms]
2023-06-24 12:00:47.087 [info] fatal: not a git repository (or any of the parent directories): .git
2023-06-24 12:01:34.690 [info] > git rev-parse --show-toplevel [5ms]
2023-06-24 12:01:34.690 [info] fatal: not a git repository (or any of the parent directories): .git
2023-06-24 12:01:36.950 [info] > git rev-parse --show-toplevel [10ms]
2023-06-24 12:01:36.951 [info] fatal: not a git repository (or any of the parent directories): .git
2023-06-24 12:01:40.271 [info] > git rev-parse --show-toplevel [3ms]
2023-06-24 12:01:40.272 [info] fatal: not a git repository (or any of the parent directories): .git
2023-06-24 12:03:47.291 [info] > git rev-parse --show-toplevel [6ms]
2023-06-24 12:03:47.292 [info] fatal: not a git repository (or any of the parent directories): .git
2023-06-24 12:04:21.934 [info] > git rev-parse --show-toplevel [36ms]
2023-06-24 12:04:21.934 [info] fatal: not a git repository (or any of the parent directories): .git
2023-06-24 12:04:29.528 [info] > git rev-parse --show-toplevel [3ms]
2023-06-24 12:04:29.528 [info] fatal: not a git repository (or any of the parent directories): .git
2023-06-24 12:04:47.505 [info] > git rev-parse --show-toplevel [8ms]
2023-06-24 12:04:47.505 [info] fatal: not a git repository (or any of the parent directories): .git
2023-06-24 12:04:56.526 [info] > git rev-parse --show-toplevel [7ms]
2023-06-24 12:04:56.526 [info] fatal: not a git repository (or any of the parent directories): .git
2023-06-24 12:28:29.836 [info] > git rev-parse --show-toplevel [5ms]
2023-06-24 12:28:29.848 [info] fatal: not a git repository (or any of the parent directories): .git
2023-06-24 12:28:35.247 [info] > git rev-parse --show-toplevel [4ms]
2023-06-24 12:28:35.247 [info] fatal: not a git repository (or any of the parent directories): .git
2023-06-24 12:29:05.997 [info] > git rev-parse --show-toplevel [20ms]
2023-06-24 12:29:05.999 [info] fatal: not a git repository (or any of the parent directories): .git
2023-06-24 12:29:21.775 [info] > git rev-parse --show-toplevel [4ms]
2023-06-24 12:29:21.775 [info] fatal: not a git repository (or any of the parent directories): .git
2023-06-24 12:29:23.008 [info] > git rev-parse --show-toplevel [3ms]
2023-06-24 12:29:23.008 [info] fatal: not a git repository (or any of the parent directories): .git
2023-06-24 12:29:29.212 [info] > git rev-parse --show-toplevel [3ms]
2023-06-24 12:29:29.212 [info] fatal: not a git repository (or any of the parent directories): .git
2023-06-24 12:29:50.176 [info] > git rev-parse --show-toplevel [4ms]
2023-06-24 12:29:50.176 [info] fatal: not a git repository (or any of the parent directories): .git
2023-06-24 12:29:56.075 [info] > git rev-parse --show-toplevel [3ms]
2023-06-24 12:29:56.075 [info] fatal: not a git repository (or any of the parent directories): .git
2023-06-24 12:31:01.002 [info] > git rev-parse --show-toplevel [7ms]
2023-06-24 12:31:01.002 [info] fatal: not a git repository (or any of the parent directories): .git
2023-06-24 13:10:57.957 [info] > git rev-parse --show-toplevel [7ms]
2023-06-24 13:10:57.959 [info] fatal: not a git repository (or any of the parent directories): .git
2023-06-24 13:11:09.611 [info] > git rev-parse --show-toplevel [6ms]
2023-06-24 13:11:09.611 [info] fatal: not a git repository (or any of the parent directories): .git
2023-06-24 13:11:10.938 [info] > git rev-parse --show-toplevel [2ms]
2023-06-24 13:11:10.938 [info] fatal: not a git repository (or any of the parent directories): .git
2023-06-24 13:31:02.950 [info] > git rev-parse --show-toplevel [7ms]
2023-06-24 13:31:02.951 [info] fatal: not a git repository (or any of the parent directories): .git
2023-06-24 13:31:10.786 [info] > git rev-parse --show-toplevel [3ms]
2023-06-24 13:31:10.787 [info] fatal: not a git repository (or any of the parent directories): .git
2023-06-24 13:32:30.464 [info] > git rev-parse --show-toplevel [6ms]
2023-06-24 13:32:30.464 [info] fatal: not a git repository (or any of the parent directories): .git
2023-06-24 13:39:30.188 [info] > git rev-parse --show-toplevel [4ms]
2023-06-24 13:39:30.188 [info] fatal: not a git repository (or any of the parent directories): .git
2023-06-24 13:39:33.315 [info] > git rev-parse --show-toplevel [3ms]
2023-06-24 13:39:33.315 [info] fatal: not a git repository (or any of the parent directories): .git
2023-06-24 13:39:35.218 [info] > git rev-parse --show-toplevel [5ms]
2023-06-24 13:39:35.219 [info] fatal: not a git repository (or any of the parent directories): .git
2023-06-24 13:39:41.291 [info] > git rev-parse --show-toplevel [3ms]
2023-06-24 13:39:41.291 [info] fatal: not a git repository (or any of the parent directories): .git
2023-06-24 13:39:58.997 [info] > git rev-parse --show-toplevel [4ms]
2023-06-24 13:39:58.997 [info] fatal: not a git repository (or any of the parent directories): .git
2023-06-24 13:40:01.681 [info] > git rev-parse --show-toplevel [4ms]
2023-06-24 13:40:01.681 [info] fatal: not a git repository (or any of the parent directories): .git
2023-06-24 13:40:35.987 [info] > git rev-parse --show-toplevel [22ms]
2023-06-24 13:40:35.988 [info] fatal: not a git repository (or any of the parent directories): .git
2023-06-24 13:40:41.047 [info] > git rev-parse --show-toplevel [6ms]
2023-06-24 13:40:41.047 [info] fatal: not a git repository (or any of the parent directories): .git
2023-06-24 13:46:17.048 [info] > git rev-parse --show-toplevel [8ms]
2023-06-24 13:46:17.049 [info] fatal: not a git repository (or any of the parent directories): .git
2023-06-24 13:47:21.759 [info] > git rev-parse --show-toplevel [10ms]
2023-06-24 13:47:21.760 [info] fatal: not a git repository (or any of the parent directories): .git
2023-06-24 13:48:28.129 [info] > git rev-parse --show-toplevel [6ms]
2023-06-24 13:48:28.129 [info] fatal: not a git repository (or any of the parent directories): .git
2023-06-24 13:50:21.979 [info] > git rev-parse --show-toplevel [8ms]
2023-06-24 13:50:21.979 [info] fatal: not a git repository (or any of the parent directories): .git
2023-06-24 13:50:29.336 [info] > git rev-parse --show-toplevel [5ms]
2023-06-24 13:50:29.336 [info] fatal: not a git repository (or any of the parent directories): .git
2023-06-24 13:50:30.497 [info] > git rev-parse --show-toplevel [3ms]
2023-06-24 13:50:30.497 [info] fatal: not a git repository (or any of the parent directories): .git
2023-06-24 13:50:32.051 [info] > git rev-parse --show-toplevel [5ms]
2023-06-24 13:50:32.051 [info] fatal: not a git repository (or any of the parent directories): .git
2023-06-24 13:50:36.176 [info] > git rev-parse --show-toplevel [4ms]
2023-06-24 13:50:36.176 [info] fatal: not a git repository (or any of the parent directories): .git
2023-06-24 13:50:38.129 [info] > git rev-parse --show-toplevel [3ms]
2023-06-24 13:50:38.130 [info] fatal: not a git repository (or any of the parent directories): .git
2023-06-24 13:50:54.549 [info] > git rev-parse --show-toplevel [4ms]
2023-06-24 13:50:54.550 [info] fatal: not a git repository (or any of the parent directories): .git
2023-06-24 13:51:09.261 [info] > git rev-parse --show-toplevel [4ms]
2023-06-24 13:51:09.262 [info] fatal: not a git repository (or any of the parent directories): .git
2023-06-24 13:51:13.865 [info] > git rev-parse --show-toplevel [4ms]
2023-06-24 13:51:13.865 [info] fatal: not a git repository (or any of the parent directories): .git
2023-06-24 14:14:27.142 [info] > git rev-parse --show-toplevel [55ms]
2023-06-24 14:14:27.143 [info] fatal: not a git repository (or any of the parent directories): .git
2023-06-24 14:14:27.157 [info] > git rev-parse --show-toplevel [3ms]
2023-06-24 14:14:27.158 [info] fatal: not a git repository (or any of the parent directories): .git
