2023-06-25 00:35:48.964 [info] Log level: Info
2023-06-25 00:35:48.964 [info] Validating found git in: "git"
2023-06-25 00:35:48.964 [info] Using git "2.25.1" from "git"
2023-06-25 00:35:48.964 [info] > git rev-parse --show-toplevel [91ms]
2023-06-25 00:35:48.964 [info] fatal: not a git repository (or any of the parent directories): .git
2023-06-25 00:35:48.964 [info] > git rev-parse --show-toplevel [2ms]
2023-06-25 00:35:48.965 [info] fatal: not a git repository (or any of the parent directories): .git
2023-06-25 00:35:48.965 [info] > git rev-parse --show-toplevel [1ms]
2023-06-25 00:35:48.965 [info] fatal: not a git repository (or any of the parent directories): .git
2023-06-25 00:35:48.965 [info] > git rev-parse --show-toplevel [2ms]
2023-06-25 00:35:48.965 [info] fatal: not a git repository (or any of the parent directories): .git
2023-06-25 00:35:48.965 [info] > git rev-parse --show-toplevel [2ms]
2023-06-25 00:35:48.965 [info] fatal: not a git repository (or any of the parent directories): .git
2023-06-25 00:35:48.965 [info] > git rev-parse --show-toplevel [2ms]
2023-06-25 00:35:48.966 [info] fatal: not a git repository (or any of the parent directories): .git
2023-06-25 00:35:48.966 [info] > git rev-parse --show-toplevel [2ms]
2023-06-25 00:35:48.966 [info] fatal: not a git repository (or any of the parent directories): .git
2023-06-25 00:35:48.966 [info] > git rev-parse --show-toplevel [1ms]
2023-06-25 00:35:48.966 [info] fatal: not a git repository (or any of the parent directories): .git
2023-06-25 00:35:48.966 [info] > git rev-parse --show-toplevel [2ms]
2023-06-25 00:35:48.966 [info] fatal: not a git repository (or any of the parent directories): .git
2023-06-25 00:35:48.966 [info] > git rev-parse --show-toplevel [2ms]
2023-06-25 00:35:48.967 [info] fatal: not a git repository (or any of the parent directories): .git
2023-06-25 00:35:48.967 [info] > git rev-parse --show-toplevel [1ms]
2023-06-25 00:35:48.967 [info] fatal: not a git repository (or any of the parent directories): .git
2023-06-25 00:35:48.967 [info] > git rev-parse --show-toplevel [16ms]
2023-06-25 00:35:48.967 [info] fatal: not a git repository (or any of the parent directories): .git
2023-06-25 00:35:48.967 [info] > git rev-parse --show-toplevel [3ms]
2023-06-25 00:35:48.967 [info] fatal: not a git repository (or any of the parent directories): .git
2023-06-25 00:35:48.967 [info] > git rev-parse --show-toplevel [9ms]
2023-06-25 00:35:48.968 [info] fatal: not a git repository (or any of the parent directories): .git
2023-06-25 00:35:48.970 [info] > git rev-parse --show-toplevel [12ms]
2023-06-25 00:35:48.970 [info] fatal: not a git repository (or any of the parent directories): .git
2023-06-25 00:35:48.970 [info] > git rev-parse --show-toplevel [22ms]
2023-06-25 00:35:48.970 [info] fatal: not a git repository (or any of the parent directories): .git
2023-06-25 00:35:48.977 [info] > git rev-parse --show-toplevel [12ms]
2023-06-25 00:35:48.977 [info] fatal: not a git repository (or any of the parent directories): .git
2023-06-25 00:35:48.977 [info] > git rev-parse --show-toplevel [17ms]
2023-06-25 00:35:48.977 [info] fatal: not a git repository (or any of the parent directories): .git
2023-06-25 00:35:48.977 [info] > git rev-parse --show-toplevel [13ms]
2023-06-25 00:35:48.978 [info] fatal: not a git repository (or any of the parent directories): .git
2023-06-25 00:35:48.978 [info] > git rev-parse --show-toplevel [55ms]
2023-06-25 00:35:48.978 [info] fatal: not a git repository (or any of the parent directories): .git
2023-06-25 00:38:29.537 [info] > git rev-parse --show-toplevel [12ms]
2023-06-25 00:38:29.539 [info] fatal: not a git repository (or any of the parent directories): .git
2023-06-25 00:38:43.140 [info] > git rev-parse --show-toplevel [4ms]
2023-06-25 00:38:43.140 [info] fatal: not a git repository (or any of the parent directories): .git
2023-06-25 00:38:53.097 [info] > git rev-parse --show-toplevel [7ms]
2023-06-25 00:38:53.098 [info] fatal: not a git repository (or any of the parent directories): .git
2023-06-25 00:39:02.044 [info] > git rev-parse --show-toplevel [57ms]
2023-06-25 00:39:02.056 [info] fatal: not a git repository (or any of the parent directories): .git
2023-06-25 00:39:13.011 [info] > git rev-parse --show-toplevel [3ms]
2023-06-25 00:39:13.013 [info] fatal: not a git repository (or any of the parent directories): .git
2023-06-25 00:40:56.905 [info] > git rev-parse --show-toplevel [7ms]
2023-06-25 00:40:56.909 [info] fatal: not a git repository (or any of the parent directories): .git
2023-06-25 00:41:05.842 [info] > git rev-parse --show-toplevel [11ms]
2023-06-25 00:41:05.844 [info] fatal: not a git repository (or any of the parent directories): .git
2023-06-25 00:41:27.791 [info] > git rev-parse --show-toplevel [12ms]
2023-06-25 00:41:27.794 [info] fatal: not a git repository (or any of the parent directories): .git
2023-06-25 00:41:59.102 [info] > git rev-parse --show-toplevel [3ms]
2023-06-25 00:41:59.104 [info] fatal: not a git repository (or any of the parent directories): .git
2023-06-25 00:46:46.804 [info] > git rev-parse --show-toplevel [2ms]
2023-06-25 00:46:46.805 [info] fatal: not a git repository (or any of the parent directories): .git
2023-06-25 00:47:00.400 [info] > git rev-parse --show-toplevel [3ms]
2023-06-25 00:47:00.400 [info] fatal: not a git repository (or any of the parent directories): .git
2023-06-25 00:50:42.170 [info] > git rev-parse --show-toplevel [90ms]
2023-06-25 00:50:42.176 [info] fatal: not a git repository (or any of the parent directories): .git
2023-06-25 00:50:49.998 [info] > git rev-parse --show-toplevel [4ms]
2023-06-25 00:50:49.999 [info] fatal: not a git repository (or any of the parent directories): .git
2023-06-25 00:51:46.247 [info] > git rev-parse --show-toplevel [3ms]
2023-06-25 00:51:46.249 [info] fatal: not a git repository (or any of the parent directories): .git
2023-06-25 00:52:53.795 [info] > git rev-parse --show-toplevel [4ms]
2023-06-25 00:52:53.796 [info] fatal: not a git repository (or any of the parent directories): .git
2023-06-25 00:53:12.907 [info] > git rev-parse --show-toplevel [3ms]
2023-06-25 00:53:12.907 [info] fatal: not a git repository (or any of the parent directories): .git
2023-06-25 00:53:57.882 [info] > git rev-parse --show-toplevel [11ms]
2023-06-25 00:53:57.884 [info] fatal: not a git repository (or any of the parent directories): .git
2023-06-25 00:54:06.936 [info] > git rev-parse --show-toplevel [2ms]
2023-06-25 00:54:06.937 [info] fatal: not a git repository (or any of the parent directories): .git
2023-06-25 00:54:08.309 [info] > git rev-parse --show-toplevel [2ms]
2023-06-25 00:54:08.310 [info] fatal: not a git repository (or any of the parent directories): .git
2023-06-25 00:54:11.312 [info] > git rev-parse --show-toplevel [7ms]
2023-06-25 00:54:11.315 [info] fatal: not a git repository (or any of the parent directories): .git
2023-06-25 00:54:21.426 [info] > git rev-parse --show-toplevel [2ms]
2023-06-25 00:54:21.427 [info] fatal: not a git repository (or any of the parent directories): .git
2023-06-25 01:03:05.083 [info] > git rev-parse --show-toplevel [6ms]
2023-06-25 01:03:05.083 [info] fatal: not a git repository (or any of the parent directories): .git
