2023-06-23 20:50:38.696 [info] Log level: Info
2023-06-23 20:50:38.696 [info] Validating found git in: "git"
2023-06-23 20:50:38.697 [info] Using git "2.25.1" from "git"
2023-06-23 20:50:38.697 [info] > git rev-parse --show-toplevel [73ms]
2023-06-23 20:50:38.697 [info] fatal: not a git repository (or any of the parent directories): .git
2023-06-23 20:50:38.697 [info] > git rev-parse --show-toplevel [2ms]
2023-06-23 20:50:38.697 [info] fatal: not a git repository (or any of the parent directories): .git
2023-06-23 20:50:38.697 [info] > git rev-parse --show-toplevel [1ms]
2023-06-23 20:50:38.697 [info] fatal: not a git repository (or any of the parent directories): .git
2023-06-23 20:50:38.698 [info] > git rev-parse --show-toplevel [1ms]
2023-06-23 20:50:38.698 [info] fatal: not a git repository (or any of the parent directories): .git
2023-06-23 20:50:38.698 [info] > git rev-parse --show-toplevel [1ms]
2023-06-23 20:50:38.698 [info] fatal: not a git repository (or any of the parent directories): .git
2023-06-23 20:50:38.698 [info] > git rev-parse --show-toplevel [3ms]
2023-06-23 20:50:38.698 [info] fatal: not a git repository (or any of the parent directories): .git
2023-06-23 20:50:38.698 [info] > git rev-parse --show-toplevel [2ms]
2023-06-23 20:50:38.699 [info] fatal: not a git repository (or any of the parent directories): .git
2023-06-23 20:50:38.699 [info] > git rev-parse --show-toplevel [1ms]
2023-06-23 20:50:38.699 [info] fatal: not a git repository (or any of the parent directories): .git
2023-06-23 20:50:38.699 [info] > git rev-parse --show-toplevel [2ms]
2023-06-23 20:50:38.699 [info] fatal: not a git repository (or any of the parent directories): .git
2023-06-23 20:50:38.699 [info] > git rev-parse --show-toplevel [1ms]
2023-06-23 20:50:38.699 [info] fatal: not a git repository (or any of the parent directories): .git
2023-06-23 20:50:38.699 [info] > git rev-parse --show-toplevel [1ms]
2023-06-23 20:50:38.699 [info] fatal: not a git repository (or any of the parent directories): .git
2023-06-23 20:50:38.700 [info] > git rev-parse --show-toplevel [1ms]
2023-06-23 20:50:38.700 [info] fatal: not a git repository (or any of the parent directories): .git
2023-06-23 20:50:38.700 [info] > git rev-parse --show-toplevel [1ms]
2023-06-23 20:50:38.700 [info] fatal: not a git repository (or any of the parent directories): .git
2023-06-23 20:50:38.798 [info] > git rev-parse --show-toplevel [14ms]
2023-06-23 20:50:38.798 [info] fatal: not a git repository (or any of the parent directories): .git
2023-06-23 20:51:23.279 [info] > git rev-parse --show-toplevel [12ms]
2023-06-23 20:51:23.280 [info] fatal: not a git repository (or any of the parent directories): .git
2023-06-23 20:51:25.795 [info] > git rev-parse --show-toplevel [5ms]
2023-06-23 20:51:25.795 [info] fatal: not a git repository (or any of the parent directories): .git
2023-06-23 20:52:17.960 [info] > git rev-parse --show-toplevel [6ms]
2023-06-23 20:52:17.960 [info] fatal: not a git repository (or any of the parent directories): .git
2023-06-23 20:52:19.403 [info] > git rev-parse --show-toplevel [3ms]
2023-06-23 20:52:19.403 [info] fatal: not a git repository (or any of the parent directories): .git
2023-06-23 20:52:30.663 [info] > git rev-parse --show-toplevel [5ms]
2023-06-23 20:52:30.663 [info] fatal: not a git repository (or any of the parent directories): .git
2023-06-23 20:52:32.807 [info] > git rev-parse --show-toplevel [4ms]
2023-06-23 20:52:32.807 [info] fatal: not a git repository (or any of the parent directories): .git
2023-06-23 20:52:34.608 [info] > git rev-parse --show-toplevel [10ms]
2023-06-23 20:52:34.609 [info] fatal: not a git repository (or any of the parent directories): .git
2023-06-23 20:52:37.711 [info] > git rev-parse --show-toplevel [3ms]
2023-06-23 20:52:37.711 [info] fatal: not a git repository (or any of the parent directories): .git
2023-06-23 20:52:39.413 [info] > git rev-parse --show-toplevel [12ms]
2023-06-23 20:52:39.414 [info] fatal: not a git repository (or any of the parent directories): .git
2023-06-23 20:53:01.301 [info] > git rev-parse --show-toplevel [14ms]
2023-06-23 20:53:01.302 [info] fatal: not a git repository (or any of the parent directories): .git
2023-06-23 20:53:44.944 [info] > git rev-parse --show-toplevel [5ms]
2023-06-23 20:53:44.944 [info] fatal: not a git repository (or any of the parent directories): .git
2023-06-23 20:56:17.043 [info] > git rev-parse --show-toplevel [10ms]
2023-06-23 20:56:17.044 [info] fatal: not a git repository (or any of the parent directories): .git
2023-06-23 20:56:53.902 [info] > git rev-parse --show-toplevel [8ms]
2023-06-23 20:56:53.903 [info] fatal: not a git repository (or any of the parent directories): .git
2023-06-23 21:02:12.166 [info] > git rev-parse --show-toplevel [6ms]
2023-06-23 21:02:12.167 [info] fatal: not a git repository (or any of the parent directories): .git
2023-06-23 21:02:17.004 [info] > git rev-parse --show-toplevel [4ms]
2023-06-23 21:02:17.004 [info] fatal: not a git repository (or any of the parent directories): .git
2023-06-23 21:11:22.160 [info] > git rev-parse --show-toplevel [9ms]
2023-06-23 21:11:22.160 [info] fatal: not a git repository (or any of the parent directories): .git
2023-06-23 21:11:25.198 [info] > git rev-parse --show-toplevel [4ms]
2023-06-23 21:11:25.199 [info] fatal: not a git repository (or any of the parent directories): .git
2023-06-23 21:29:27.270 [info] > git rev-parse --show-toplevel [5ms]
2023-06-23 21:29:27.271 [info] fatal: not a git repository (or any of the parent directories): .git
2023-06-23 21:29:36.819 [info] > git rev-parse --show-toplevel [2ms]
2023-06-23 21:29:36.819 [info] fatal: not a git repository (or any of the parent directories): .git
2023-06-23 21:33:28.133 [info] > git rev-parse --show-toplevel [4ms]
2023-06-23 21:33:28.134 [info] fatal: not a git repository (or any of the parent directories): .git
2023-06-23 21:33:28.252 [info] > git rev-parse --show-toplevel [4ms]
2023-06-23 21:33:28.253 [info] fatal: not a git repository (or any of the parent directories): .git
2023-06-23 21:33:35.920 [info] > git rev-parse --show-toplevel [13ms]
2023-06-23 21:33:35.921 [info] fatal: not a git repository (or any of the parent directories): .git
