2023-06-22 21:07:19.336 [info] Log level: Info
2023-06-22 21:07:19.336 [info] Validating found git in: "git"
2023-06-22 21:07:19.337 [info] Using git "2.25.1" from "git"
2023-06-22 21:07:19.337 [info] > git rev-parse --show-toplevel [52ms]
2023-06-22 21:07:19.337 [info] fatal: not a git repository (or any of the parent directories): .git
2023-06-22 21:07:19.338 [info] > git rev-parse --show-toplevel [2ms]
2023-06-22 21:07:19.338 [info] fatal: not a git repository (or any of the parent directories): .git
2023-06-22 21:07:19.338 [info] > git rev-parse --show-toplevel [2ms]
2023-06-22 21:07:19.338 [info] fatal: not a git repository (or any of the parent directories): .git
2023-06-22 21:07:19.339 [info] > git rev-parse --show-toplevel [3ms]
2023-06-22 21:07:19.339 [info] fatal: not a git repository (or any of the parent directories): .git
2023-06-22 21:07:19.339 [info] > git rev-parse --show-toplevel [2ms]
2023-06-22 21:07:19.339 [info] fatal: not a git repository (or any of the parent directories): .git
2023-06-22 21:07:19.340 [info] > git rev-parse --show-toplevel [3ms]
2023-06-22 21:07:19.340 [info] fatal: not a git repository (or any of the parent directories): .git
2023-06-22 21:07:19.340 [info] > git rev-parse --show-toplevel [3ms]
2023-06-22 21:07:19.341 [info] fatal: not a git repository (or any of the parent directories): .git
2023-06-22 21:07:19.341 [info] > git rev-parse --show-toplevel [1ms]
2023-06-22 21:07:19.341 [info] fatal: not a git repository (or any of the parent directories): .git
2023-06-22 21:07:19.341 [info] > git rev-parse --show-toplevel [1ms]
2023-06-22 21:07:19.342 [info] fatal: not a git repository (or any of the parent directories): .git
2023-06-22 21:07:19.342 [info] > git rev-parse --show-toplevel [1ms]
2023-06-22 21:07:19.342 [info] fatal: not a git repository (or any of the parent directories): .git
2023-06-22 21:07:19.342 [info] > git rev-parse --show-toplevel [2ms]
2023-06-22 21:07:19.343 [info] fatal: not a git repository (or any of the parent directories): .git
2023-06-22 21:07:19.343 [info] > git rev-parse --show-toplevel [5ms]
2023-06-22 21:07:19.343 [info] fatal: not a git repository (or any of the parent directories): .git
2023-06-22 21:07:19.344 [info] > git rev-parse --show-toplevel [2ms]
2023-06-22 21:07:19.344 [info] fatal: not a git repository (or any of the parent directories): .git
2023-06-22 21:07:19.344 [info] > git rev-parse --show-toplevel [8ms]
2023-06-22 21:07:19.344 [info] fatal: not a git repository (or any of the parent directories): .git
2023-06-22 21:07:19.345 [info] > git rev-parse --show-toplevel [2ms]
2023-06-22 21:07:19.345 [info] fatal: not a git repository (or any of the parent directories): .git
2023-06-22 21:07:19.345 [info] > git rev-parse --show-toplevel [23ms]
2023-06-22 21:07:19.345 [info] fatal: not a git repository (or any of the parent directories): .git
2023-06-22 21:07:19.346 [info] > git rev-parse --show-toplevel [5ms]
2023-06-22 21:07:19.346 [info] fatal: not a git repository (or any of the parent directories): .git
2023-06-22 21:07:19.346 [info] > git rev-parse --show-toplevel [11ms]
2023-06-22 21:07:19.347 [info] fatal: not a git repository (or any of the parent directories): .git
2023-06-22 21:16:34.159 [info] > git rev-parse --show-toplevel [51ms]
2023-06-22 21:16:34.160 [info] fatal: not a git repository (or any of the parent directories): .git
2023-06-22 21:16:34.172 [info] > git rev-parse --show-toplevel [1ms]
2023-06-22 21:16:34.172 [info] fatal: not a git repository (or any of the parent directories): .git
2023-06-22 21:16:43.117 [info] > git rev-parse --show-toplevel [3ms]
2023-06-22 21:16:43.117 [info] fatal: not a git repository (or any of the parent directories): .git
2023-06-22 21:16:44.342 [info] > git rev-parse --show-toplevel [4ms]
2023-06-22 21:16:44.343 [info] fatal: not a git repository (or any of the parent directories): .git
2023-06-22 21:16:46.136 [info] > git rev-parse --show-toplevel [1ms]
2023-06-22 21:16:46.136 [info] fatal: not a git repository (or any of the parent directories): .git
2023-06-22 21:26:47.907 [info] > git rev-parse --show-toplevel [11ms]
2023-06-22 21:26:47.907 [info] fatal: not a git repository (or any of the parent directories): .git
2023-06-22 21:26:54.877 [info] > git rev-parse --show-toplevel [2ms]
2023-06-22 21:26:54.878 [info] fatal: not a git repository (or any of the parent directories): .git
2023-06-22 21:27:26.395 [info] > git rev-parse --show-toplevel [10ms]
2023-06-22 21:27:26.396 [info] fatal: not a git repository (or any of the parent directories): .git
2023-06-22 21:28:41.550 [info] > git rev-parse --show-toplevel [2ms]
2023-06-22 21:28:41.552 [info] fatal: not a git repository (or any of the parent directories): .git
2023-06-22 21:29:02.669 [info] > git rev-parse --show-toplevel [154ms]
2023-06-22 21:29:02.669 [info] fatal: not a git repository (or any of the parent directories): .git
2023-06-22 21:29:07.978 [info] > git rev-parse --show-toplevel [4ms]
2023-06-22 21:29:07.978 [info] fatal: not a git repository (or any of the parent directories): .git
2023-06-22 21:29:25.215 [info] > git rev-parse --show-toplevel [17ms]
2023-06-22 21:29:25.215 [info] fatal: not a git repository (or any of the parent directories): .git
2023-06-22 21:30:06.500 [info] > git rev-parse --show-toplevel [3ms]
2023-06-22 21:30:06.501 [info] fatal: not a git repository (or any of the parent directories): .git
2023-06-22 21:44:49.676 [info] > git rev-parse --show-toplevel [3ms]
2023-06-22 21:44:49.677 [info] fatal: not a git repository (or any of the parent directories): .git
2023-06-22 22:02:27.636 [info] > git rev-parse --show-toplevel [5ms]
2023-06-22 22:02:27.636 [info] fatal: not a git repository (or any of the parent directories): .git
2023-06-22 22:02:30.253 [info] > git rev-parse --show-toplevel [9ms]
2023-06-22 22:02:30.255 [info] fatal: not a git repository (or any of the parent directories): .git
2023-06-22 22:02:59.186 [info] > git rev-parse --show-toplevel [9ms]
2023-06-22 22:02:59.187 [info] fatal: not a git repository (or any of the parent directories): .git
2023-06-22 22:03:30.159 [info] > git rev-parse --show-toplevel [12ms]
2023-06-22 22:03:30.160 [info] fatal: not a git repository (or any of the parent directories): .git
2023-06-22 22:04:09.982 [info] > git rev-parse --show-toplevel [3ms]
2023-06-22 22:04:09.982 [info] fatal: not a git repository (or any of the parent directories): .git
2023-06-22 22:04:39.894 [info] > git rev-parse --show-toplevel [9ms]
2023-06-22 22:04:39.895 [info] fatal: not a git repository (or any of the parent directories): .git
2023-06-22 22:05:26.269 [info] > git rev-parse --show-toplevel [11ms]
2023-06-22 22:05:26.270 [info] fatal: not a git repository (or any of the parent directories): .git
2023-06-22 22:06:45.645 [info] > git rev-parse --show-toplevel [8ms]
2023-06-22 22:06:45.645 [info] fatal: not a git repository (or any of the parent directories): .git
2023-06-22 22:06:49.594 [info] > git rev-parse --show-toplevel [10ms]
2023-06-22 22:06:49.595 [info] fatal: not a git repository (or any of the parent directories): .git
2023-06-22 22:07:16.253 [info] > git rev-parse --show-toplevel [8ms]
2023-06-22 22:07:16.255 [info] fatal: not a git repository (or any of the parent directories): .git
2023-06-22 22:08:42.320 [info] > git rev-parse --show-toplevel [3ms]
2023-06-22 22:08:42.320 [info] fatal: not a git repository (or any of the parent directories): .git
2023-06-22 22:09:17.897 [info] > git rev-parse --show-toplevel [10ms]
2023-06-22 22:09:17.898 [info] fatal: not a git repository (or any of the parent directories): .git
2023-06-22 22:09:32.274 [info] > git rev-parse --show-toplevel [4ms]
2023-06-22 22:09:32.275 [info] fatal: not a git repository (or any of the parent directories): .git
2023-06-22 22:10:26.989 [info] > git rev-parse --show-toplevel [4ms]
2023-06-22 22:10:26.990 [info] fatal: not a git repository (or any of the parent directories): .git
2023-06-22 22:10:38.454 [info] > git rev-parse --show-toplevel [4ms]
2023-06-22 22:10:38.455 [info] fatal: not a git repository (or any of the parent directories): .git
2023-06-22 22:11:31.713 [info] > git rev-parse --show-toplevel [3ms]
2023-06-22 22:11:31.713 [info] fatal: not a git repository (or any of the parent directories): .git
2023-06-22 22:11:35.302 [info] > git rev-parse --show-toplevel [2ms]
2023-06-22 22:11:35.303 [info] fatal: not a git repository (or any of the parent directories): .git
2023-06-22 22:11:38.994 [info] > git rev-parse --show-toplevel [2ms]
2023-06-22 22:11:38.995 [info] fatal: not a git repository (or any of the parent directories): .git
2023-06-22 22:11:40.944 [info] > git rev-parse --show-toplevel [2ms]
2023-06-22 22:11:40.944 [info] fatal: not a git repository (or any of the parent directories): .git
2023-06-22 22:13:03.433 [info] > git rev-parse --show-toplevel [6ms]
2023-06-22 22:13:03.434 [info] fatal: not a git repository (or any of the parent directories): .git
2023-06-22 22:13:18.923 [info] > git rev-parse --show-toplevel [2ms]
2023-06-22 22:13:18.923 [info] fatal: not a git repository (or any of the parent directories): .git
2023-06-22 22:17:27.626 [info] > git rev-parse --show-toplevel [13ms]
2023-06-22 22:17:27.627 [info] fatal: not a git repository (or any of the parent directories): .git
2023-06-22 22:18:51.439 [info] > git rev-parse --show-toplevel [9ms]
2023-06-22 22:18:51.440 [info] fatal: not a git repository (or any of the parent directories): .git
2023-06-22 22:18:54.537 [info] > git rev-parse --show-toplevel [4ms]
2023-06-22 22:18:54.538 [info] fatal: not a git repository (or any of the parent directories): .git
2023-06-22 22:18:55.927 [info] > git rev-parse --show-toplevel [3ms]
2023-06-22 22:18:55.927 [info] fatal: not a git repository (or any of the parent directories): .git
2023-06-22 22:19:16.648 [info] > git rev-parse --show-toplevel [2ms]
2023-06-22 22:19:16.648 [info] fatal: not a git repository (or any of the parent directories): .git
2023-06-22 22:19:38.692 [info] > git rev-parse --show-toplevel [4ms]
2023-06-22 22:19:38.693 [info] fatal: not a git repository (or any of the parent directories): .git
2023-06-22 22:19:41.501 [info] > git rev-parse --show-toplevel [3ms]
2023-06-22 22:19:41.501 [info] fatal: not a git repository (or any of the parent directories): .git
2023-06-22 22:22:06.820 [info] > git rev-parse --show-toplevel [10ms]
2023-06-22 22:22:06.821 [info] fatal: not a git repository (or any of the parent directories): .git
2023-06-22 22:23:29.508 [info] > git rev-parse --show-toplevel [10ms]
2023-06-22 22:23:29.509 [info] fatal: not a git repository (or any of the parent directories): .git
2023-06-22 22:25:23.147 [info] > git rev-parse --show-toplevel [3ms]
2023-06-22 22:25:23.147 [info] fatal: not a git repository (or any of the parent directories): .git
2023-06-22 22:26:26.969 [info] > git rev-parse --show-toplevel [3ms]
2023-06-22 22:26:26.970 [info] fatal: not a git repository (or any of the parent directories): .git
2023-06-22 22:26:29.651 [info] > git rev-parse --show-toplevel [2ms]
2023-06-22 22:26:29.652 [info] fatal: not a git repository (or any of the parent directories): .git
2023-06-22 22:30:17.495 [info] > git rev-parse --show-toplevel [3ms]
2023-06-22 22:30:17.496 [info] fatal: not a git repository (or any of the parent directories): .git
2023-06-22 22:30:41.568 [info] > git rev-parse --show-toplevel [3ms]
2023-06-22 22:30:41.568 [info] fatal: not a git repository (or any of the parent directories): .git
2023-06-22 22:30:48.458 [info] > git rev-parse --show-toplevel [4ms]
2023-06-22 22:30:48.459 [info] fatal: not a git repository (or any of the parent directories): .git
2023-06-22 22:33:15.323 [info] > git rev-parse --show-toplevel [2ms]
2023-06-22 22:33:15.324 [info] fatal: not a git repository (or any of the parent directories): .git
2023-06-22 22:33:59.605 [info] > git rev-parse --show-toplevel [4ms]
2023-06-22 22:33:59.605 [info] fatal: not a git repository (or any of the parent directories): .git
2023-06-22 22:35:06.584 [info] > git rev-parse --show-toplevel [3ms]
2023-06-22 22:35:06.584 [info] fatal: not a git repository (or any of the parent directories): .git
2023-06-22 22:35:38.022 [info] > git rev-parse --show-toplevel [3ms]
2023-06-22 22:35:38.023 [info] fatal: not a git repository (or any of the parent directories): .git
2023-06-22 22:35:49.346 [info] > git rev-parse --show-toplevel [3ms]
2023-06-22 22:35:49.347 [info] fatal: not a git repository (or any of the parent directories): .git
2023-06-22 22:35:51.512 [info] > git rev-parse --show-toplevel [2ms]
2023-06-22 22:35:51.513 [info] fatal: not a git repository (or any of the parent directories): .git
