2023-06-25 09:10:57.065 [info] Log level: Info
2023-06-25 09:10:57.065 [info] Validating found git in: "git"
2023-06-25 09:10:57.065 [info] Using git "2.25.1" from "git"
2023-06-25 09:10:57.065 [info] > git rev-parse --show-toplevel [47ms]
2023-06-25 09:10:57.065 [info] fatal: not a git repository (or any of the parent directories): .git
2023-06-25 09:10:57.065 [info] > git rev-parse --show-toplevel [2ms]
2023-06-25 09:10:57.065 [info] fatal: not a git repository (or any of the parent directories): .git
2023-06-25 09:10:57.066 [info] > git rev-parse --show-toplevel [1ms]
2023-06-25 09:10:57.066 [info] fatal: not a git repository (or any of the parent directories): .git
2023-06-25 09:10:57.066 [info] > git rev-parse --show-toplevel [1ms]
2023-06-25 09:10:57.066 [info] fatal: not a git repository (or any of the parent directories): .git
2023-06-25 09:10:57.066 [info] > git rev-parse --show-toplevel [1ms]
2023-06-25 09:10:57.066 [info] fatal: not a git repository (or any of the parent directories): .git
2023-06-25 09:10:57.070 [info] > git rev-parse --show-toplevel [2ms]
2023-06-25 09:10:57.070 [info] fatal: not a git repository (or any of the parent directories): .git
2023-06-25 09:10:57.070 [info] > git rev-parse --show-toplevel [1ms]
2023-06-25 09:10:57.070 [info] fatal: not a git repository (or any of the parent directories): .git
2023-06-25 09:10:57.070 [info] > git rev-parse --show-toplevel [1ms]
2023-06-25 09:10:57.070 [info] fatal: not a git repository (or any of the parent directories): .git
2023-06-25 09:10:57.070 [info] > git rev-parse --show-toplevel [1ms]
2023-06-25 09:10:57.070 [info] fatal: not a git repository (or any of the parent directories): .git
2023-06-25 09:10:57.070 [info] > git rev-parse --show-toplevel [1ms]
2023-06-25 09:10:57.070 [info] fatal: not a git repository (or any of the parent directories): .git
2023-06-25 09:10:57.070 [info] > git rev-parse --show-toplevel [2ms]
2023-06-25 09:10:57.070 [info] fatal: not a git repository (or any of the parent directories): .git
2023-06-25 09:10:57.070 [info] > git rev-parse --show-toplevel [2ms]
2023-06-25 09:10:57.070 [info] fatal: not a git repository (or any of the parent directories): .git
2023-06-25 09:10:57.070 [info] > git rev-parse --show-toplevel [3ms]
2023-06-25 09:10:57.070 [info] fatal: not a git repository (or any of the parent directories): .git
2023-06-25 09:10:57.070 [info] > git rev-parse --show-toplevel [2ms]
2023-06-25 09:10:57.070 [info] fatal: not a git repository (or any of the parent directories): .git
2023-06-25 09:10:57.070 [info] > git rev-parse --show-toplevel [6ms]
2023-06-25 09:10:57.070 [info] fatal: not a git repository (or any of the parent directories): .git
2023-06-25 09:10:57.070 [info] > git rev-parse --show-toplevel [9ms]
2023-06-25 09:10:57.070 [info] fatal: not a git repository (or any of the parent directories): .git
2023-06-25 09:10:57.070 [info] > git rev-parse --show-toplevel [4ms]
2023-06-25 09:10:57.070 [info] fatal: not a git repository (or any of the parent directories): .git
2023-06-25 09:10:57.070 [info] > git rev-parse --show-toplevel [2ms]
2023-06-25 09:10:57.070 [info] fatal: not a git repository (or any of the parent directories): .git
2023-06-25 09:11:26.725 [info] > git rev-parse --show-toplevel [10ms]
2023-06-25 09:11:26.725 [info] fatal: not a git repository (or any of the parent directories): .git
