2023-06-22 23:55:00.422 [info] Log level: Info
2023-06-22 23:55:00.422 [info] Validating found git in: "git"
2023-06-22 23:55:00.423 [info] Using git "2.25.1" from "git"
2023-06-22 23:55:00.423 [info] > git rev-parse --show-toplevel [47ms]
2023-06-22 23:55:00.423 [info] fatal: not a git repository (or any of the parent directories): .git
2023-06-22 23:55:00.423 [info] > git rev-parse --show-toplevel [3ms]
2023-06-22 23:55:00.424 [info] fatal: not a git repository (or any of the parent directories): .git
2023-06-22 23:55:00.425 [info] > git rev-parse --show-toplevel [1ms]
2023-06-22 23:55:00.425 [info] fatal: not a git repository (or any of the parent directories): .git
2023-06-22 23:55:00.425 [info] > git rev-parse --show-toplevel [3ms]
2023-06-22 23:55:00.426 [info] fatal: not a git repository (or any of the parent directories): .git
2023-06-22 23:55:00.426 [info] > git rev-parse --show-toplevel [1ms]
2023-06-22 23:55:00.426 [info] fatal: not a git repository (or any of the parent directories): .git
2023-06-22 23:55:00.427 [info] > git rev-parse --show-toplevel [2ms]
2023-06-22 23:55:00.427 [info] fatal: not a git repository (or any of the parent directories): .git
2023-06-22 23:55:00.428 [info] > git rev-parse --show-toplevel [1ms]
2023-06-22 23:55:00.428 [info] fatal: not a git repository (or any of the parent directories): .git
2023-06-22 23:55:00.428 [info] > git rev-parse --show-toplevel [1ms]
2023-06-22 23:55:00.429 [info] fatal: not a git repository (or any of the parent directories): .git
2023-06-22 23:55:00.429 [info] > git rev-parse --show-toplevel [3ms]
2023-06-22 23:55:00.429 [info] fatal: not a git repository (or any of the parent directories): .git
2023-06-22 23:55:00.430 [info] > git rev-parse --show-toplevel [2ms]
2023-06-22 23:55:00.430 [info] fatal: not a git repository (or any of the parent directories): .git
2023-06-22 23:55:00.431 [info] > git rev-parse --show-toplevel [2ms]
2023-06-22 23:55:00.431 [info] fatal: not a git repository (or any of the parent directories): .git
2023-06-22 23:55:00.431 [info] > git rev-parse --show-toplevel [1ms]
2023-06-22 23:55:00.432 [info] fatal: not a git repository (or any of the parent directories): .git
2023-06-22 23:55:00.432 [info] > git rev-parse --show-toplevel [1ms]
2023-06-22 23:55:00.432 [info] fatal: not a git repository (or any of the parent directories): .git
2023-06-22 23:55:00.432 [info] > git rev-parse --show-toplevel [7ms]
2023-06-22 23:55:00.433 [info] fatal: not a git repository (or any of the parent directories): .git
2023-06-22 23:55:00.433 [info] > git rev-parse --show-toplevel [32ms]
2023-06-22 23:55:00.433 [info] fatal: not a git repository (or any of the parent directories): .git
2023-06-22 23:55:00.433 [info] > git rev-parse --show-toplevel [1ms]
2023-06-22 23:55:00.434 [info] fatal: not a git repository (or any of the parent directories): .git
2023-06-22 23:55:34.151 [info] > git rev-parse --show-toplevel [7ms]
2023-06-22 23:55:34.152 [info] fatal: not a git repository (or any of the parent directories): .git
2023-06-22 23:57:07.402 [info] > git rev-parse --show-toplevel [8ms]
2023-06-22 23:57:07.403 [info] fatal: not a git repository (or any of the parent directories): .git
2023-06-22 23:57:25.397 [info] > git rev-parse --show-toplevel [5ms]
2023-06-22 23:57:25.397 [info] fatal: not a git repository (or any of the parent directories): .git
2023-06-22 23:57:56.369 [info] > git rev-parse --show-toplevel [9ms]
2023-06-22 23:57:56.371 [info] fatal: not a git repository (or any of the parent directories): .git
2023-06-22 23:58:24.369 [info] > git rev-parse --show-toplevel [3ms]
2023-06-22 23:58:24.371 [info] fatal: not a git repository (or any of the parent directories): .git
