2023-06-21 14:47:33.867 [info] Log level: Info
2023-06-21 14:47:33.867 [info] Validating found git in: "git"
2023-06-21 14:47:33.867 [info] Using git "2.25.1" from "git"
2023-06-21 14:47:33.867 [info] > git rev-parse --show-toplevel [55ms]
2023-06-21 14:47:33.867 [info] fatal: not a git repository (or any of the parent directories): .git
2023-06-21 14:47:33.867 [info] > git rev-parse --show-toplevel [3ms]
2023-06-21 14:47:33.867 [info] fatal: not a git repository (or any of the parent directories): .git
2023-06-21 14:47:33.867 [info] > git rev-parse --show-toplevel [2ms]
2023-06-21 14:47:33.867 [info] fatal: not a git repository (or any of the parent directories): .git
2023-06-21 14:47:33.868 [info] > git rev-parse --show-toplevel [2ms]
2023-06-21 14:47:33.868 [info] fatal: not a git repository (or any of the parent directories): .git
2023-06-21 14:47:33.868 [info] > git rev-parse --show-toplevel [2ms]
2023-06-21 14:47:33.868 [info] fatal: not a git repository (or any of the parent directories): .git
2023-06-21 14:47:33.868 [info] > git rev-parse --show-toplevel [2ms]
2023-06-21 14:47:33.868 [info] fatal: not a git repository (or any of the parent directories): .git
2023-06-21 14:47:33.868 [info] > git rev-parse --show-toplevel [1ms]
2023-06-21 14:47:33.868 [info] fatal: not a git repository (or any of the parent directories): .git
2023-06-21 14:47:33.868 [info] > git rev-parse --show-toplevel [2ms]
2023-06-21 14:47:33.868 [info] fatal: not a git repository (or any of the parent directories): .git
2023-06-21 14:47:33.868 [info] > git rev-parse --show-toplevel [19ms]
2023-06-21 14:47:33.868 [info] fatal: not a git repository (or any of the parent directories): .git
2023-06-21 14:47:33.868 [info] > git rev-parse --show-toplevel [2ms]
2023-06-21 14:47:33.868 [info] fatal: not a git repository (or any of the parent directories): .git
2023-06-21 14:47:33.868 [info] > git rev-parse --show-toplevel [1ms]
2023-06-21 14:47:33.868 [info] fatal: not a git repository (or any of the parent directories): .git
2023-06-21 14:47:33.868 [info] > git rev-parse --show-toplevel [7ms]
2023-06-21 14:47:33.868 [info] fatal: not a git repository (or any of the parent directories): .git
2023-06-21 14:47:33.868 [info] > git rev-parse --show-toplevel [35ms]
2023-06-21 14:47:33.868 [info] fatal: not a git repository (or any of the parent directories): .git
2023-06-21 14:47:33.868 [info] > git rev-parse --show-toplevel [7ms]
2023-06-21 14:47:33.868 [info] fatal: not a git repository (or any of the parent directories): .git
2023-06-21 14:47:33.868 [info] > git rev-parse --show-toplevel [3ms]
2023-06-21 14:47:33.868 [info] fatal: not a git repository (or any of the parent directories): .git
2023-06-21 14:47:33.868 [info] > git rev-parse --show-toplevel [10ms]
2023-06-21 14:47:33.868 [info] fatal: not a git repository (or any of the parent directories): .git
2023-06-21 14:49:55.648 [info] > git rev-parse --show-toplevel [10ms]
2023-06-21 14:49:55.649 [info] fatal: not a git repository (or any of the parent directories): .git
2023-06-21 14:51:31.813 [info] > git rev-parse --show-toplevel [11ms]
2023-06-21 14:51:31.815 [info] fatal: not a git repository (or any of the parent directories): .git
2023-06-21 14:53:36.636 [info] > git rev-parse --show-toplevel [9ms]
2023-06-21 14:53:36.637 [info] fatal: not a git repository (or any of the parent directories): .git
2023-06-21 14:54:55.335 [info] > git rev-parse --show-toplevel [12ms]
2023-06-21 14:54:55.336 [info] fatal: not a git repository (or any of the parent directories): .git
2023-06-21 14:54:56.679 [info] > git rev-parse --show-toplevel [8ms]
2023-06-21 14:54:56.680 [info] fatal: not a git repository (or any of the parent directories): .git
2023-06-21 14:55:00.039 [info] > git rev-parse --show-toplevel [3ms]
2023-06-21 14:55:00.040 [info] fatal: not a git repository (or any of the parent directories): .git
2023-06-21 14:55:16.451 [info] > git rev-parse --show-toplevel [3ms]
2023-06-21 14:55:16.452 [info] fatal: not a git repository (or any of the parent directories): .git
2023-06-21 14:55:32.110 [info] > git rev-parse --show-toplevel [2ms]
2023-06-21 14:55:32.110 [info] fatal: not a git repository (or any of the parent directories): .git
2023-06-21 14:56:32.524 [info] > git rev-parse --show-toplevel [2ms]
2023-06-21 14:56:32.524 [info] fatal: not a git repository (or any of the parent directories): .git
2023-06-21 14:58:00.533 [info] > git rev-parse --show-toplevel [3ms]
2023-06-21 14:58:00.535 [info] fatal: not a git repository (or any of the parent directories): .git
2023-06-21 14:58:08.688 [info] > git rev-parse --show-toplevel [2ms]
2023-06-21 14:58:08.688 [info] fatal: not a git repository (or any of the parent directories): .git
2023-06-21 14:58:11.326 [info] > git rev-parse --show-toplevel [2ms]
2023-06-21 14:58:11.326 [info] fatal: not a git repository (or any of the parent directories): .git
2023-06-21 14:58:30.462 [info] > git rev-parse --show-toplevel [9ms]
2023-06-21 14:58:30.462 [info] fatal: not a git repository (or any of the parent directories): .git
2023-06-21 14:58:35.694 [info] > git rev-parse --show-toplevel [2ms]
2023-06-21 14:58:35.697 [info] fatal: not a git repository (or any of the parent directories): .git
2023-06-21 14:58:58.989 [info] > git rev-parse --show-toplevel [3ms]
2023-06-21 14:58:58.989 [info] fatal: not a git repository (or any of the parent directories): .git
2023-06-21 14:59:00.306 [info] > git rev-parse --show-toplevel [3ms]
2023-06-21 14:59:00.306 [info] fatal: not a git repository (or any of the parent directories): .git
2023-06-21 14:59:05.844 [info] > git rev-parse --show-toplevel [11ms]
2023-06-21 14:59:05.845 [info] fatal: not a git repository (or any of the parent directories): .git
2023-06-21 14:59:35.466 [info] > git rev-parse --show-toplevel [9ms]
2023-06-21 14:59:35.467 [info] fatal: not a git repository (or any of the parent directories): .git
2023-06-21 14:59:49.999 [info] > git rev-parse --show-toplevel [5ms]
2023-06-21 14:59:49.999 [info] fatal: not a git repository (or any of the parent directories): .git
2023-06-21 14:59:52.054 [info] > git rev-parse --show-toplevel [3ms]
2023-06-21 14:59:52.054 [info] fatal: not a git repository (or any of the parent directories): .git
2023-06-21 15:00:22.831 [info] > git rev-parse --show-toplevel [4ms]
2023-06-21 15:00:22.832 [info] fatal: not a git repository (or any of the parent directories): .git
2023-06-21 15:00:30.128 [info] > git rev-parse --show-toplevel [4ms]
2023-06-21 15:00:30.128 [info] fatal: not a git repository (or any of the parent directories): .git
2023-06-21 15:00:49.297 [info] > git rev-parse --show-toplevel [5ms]
2023-06-21 15:00:49.298 [info] fatal: not a git repository (or any of the parent directories): .git
2023-06-21 15:01:22.985 [info] > git rev-parse --show-toplevel [13ms]
2023-06-21 15:01:22.985 [info] fatal: not a git repository (or any of the parent directories): .git
2023-06-21 15:01:46.397 [info] > git rev-parse --show-toplevel [3ms]
2023-06-21 15:01:46.397 [info] fatal: not a git repository (or any of the parent directories): .git
2023-06-21 15:03:51.043 [info] > git rev-parse --show-toplevel [14ms]
2023-06-21 15:03:51.044 [info] fatal: not a git repository (or any of the parent directories): .git
2023-06-21 15:04:12.876 [info] > git rev-parse --show-toplevel [5ms]
2023-06-21 15:04:12.876 [info] fatal: not a git repository (or any of the parent directories): .git
2023-06-21 15:04:15.046 [info] > git rev-parse --show-toplevel [2ms]
2023-06-21 15:04:15.046 [info] fatal: not a git repository (or any of the parent directories): .git
2023-06-21 15:04:27.800 [info] > git rev-parse --show-toplevel [4ms]
2023-06-21 15:04:27.801 [info] fatal: not a git repository (or any of the parent directories): .git
2023-06-21 15:04:34.465 [info] > git rev-parse --show-toplevel [2ms]
2023-06-21 15:04:34.465 [info] fatal: not a git repository (or any of the parent directories): .git
2023-06-21 15:04:37.819 [info] > git rev-parse --show-toplevel [7ms]
2023-06-21 15:04:37.820 [info] fatal: not a git repository (or any of the parent directories): .git
2023-06-21 15:05:34.556 [info] > git rev-parse --show-toplevel [4ms]
2023-06-21 15:05:34.556 [info] fatal: not a git repository (or any of the parent directories): .git
2023-06-21 15:06:17.851 [info] > git rev-parse --show-toplevel [4ms]
2023-06-21 15:06:17.851 [info] fatal: not a git repository (or any of the parent directories): .git
2023-06-21 15:07:12.208 [info] > git rev-parse --show-toplevel [9ms]
2023-06-21 15:07:12.209 [info] fatal: not a git repository (or any of the parent directories): .git
2023-06-21 15:07:17.707 [info] > git rev-parse --show-toplevel [1ms]
2023-06-21 15:07:17.707 [info] fatal: not a git repository (or any of the parent directories): .git
2023-06-21 15:07:25.127 [info] > git rev-parse --show-toplevel [8ms]
2023-06-21 15:07:25.128 [info] fatal: not a git repository (or any of the parent directories): .git
2023-06-21 15:10:09.585 [info] > git rev-parse --show-toplevel [2ms]
2023-06-21 15:10:09.585 [info] fatal: not a git repository (or any of the parent directories): .git
2023-06-21 15:10:42.886 [info] > git rev-parse --show-toplevel [3ms]
2023-06-21 15:10:42.886 [info] fatal: not a git repository (or any of the parent directories): .git
2023-06-21 15:15:00.746 [info] > git rev-parse --show-toplevel [4ms]
2023-06-21 15:15:00.747 [info] fatal: not a git repository (or any of the parent directories): .git
2023-06-21 15:15:16.799 [info] > git rev-parse --show-toplevel [3ms]
2023-06-21 15:15:16.799 [info] fatal: not a git repository (or any of the parent directories): .git
2023-06-21 15:15:17.951 [info] > git rev-parse --show-toplevel [3ms]
2023-06-21 15:15:17.951 [info] fatal: not a git repository (or any of the parent directories): .git
2023-06-21 15:15:19.397 [info] > git rev-parse --show-toplevel [2ms]
2023-06-21 15:15:19.397 [info] fatal: not a git repository (or any of the parent directories): .git
2023-06-21 15:15:20.613 [info] > git rev-parse --show-toplevel [2ms]
2023-06-21 15:15:20.613 [info] fatal: not a git repository (or any of the parent directories): .git
2023-06-21 15:15:25.097 [info] > git rev-parse --show-toplevel [3ms]
2023-06-21 15:15:25.097 [info] fatal: not a git repository (or any of the parent directories): .git
2023-06-21 15:15:27.402 [info] > git rev-parse --show-toplevel [1ms]
2023-06-21 15:15:27.402 [info] fatal: not a git repository (or any of the parent directories): .git
2023-06-21 15:21:01.722 [info] > git rev-parse --show-toplevel [6ms]
2023-06-21 15:21:01.723 [info] fatal: not a git repository (or any of the parent directories): .git
2023-06-21 15:21:11.599 [info] > git rev-parse --show-toplevel [2ms]
2023-06-21 15:21:11.599 [info] fatal: not a git repository (or any of the parent directories): .git
2023-06-21 15:21:30.024 [info] > git rev-parse --show-toplevel [2ms]
2023-06-21 15:21:30.024 [info] fatal: not a git repository (or any of the parent directories): .git
2023-06-21 15:21:32.861 [info] > git rev-parse --show-toplevel [2ms]
2023-06-21 15:21:32.861 [info] fatal: not a git repository (or any of the parent directories): .git
2023-06-21 15:22:07.530 [info] > git rev-parse --show-toplevel [4ms]
2023-06-21 15:22:07.530 [info] fatal: not a git repository (or any of the parent directories): .git
2023-06-21 15:22:10.362 [info] > git rev-parse --show-toplevel [1ms]
2023-06-21 15:22:10.362 [info] fatal: not a git repository (or any of the parent directories): .git
2023-06-21 15:23:01.160 [info] > git rev-parse --show-toplevel [3ms]
2023-06-21 15:23:01.160 [info] fatal: not a git repository (or any of the parent directories): .git
2023-06-21 15:23:10.802 [info] > git rev-parse --show-toplevel [2ms]
2023-06-21 15:23:10.802 [info] fatal: not a git repository (or any of the parent directories): .git
2023-06-21 15:23:13.201 [info] > git rev-parse --show-toplevel [2ms]
2023-06-21 15:23:13.201 [info] fatal: not a git repository (or any of the parent directories): .git
2023-06-21 15:23:16.940 [info] > git rev-parse --show-toplevel [2ms]
2023-06-21 15:23:16.940 [info] fatal: not a git repository (or any of the parent directories): .git
2023-06-21 15:23:22.488 [info] > git rev-parse --show-toplevel [2ms]
2023-06-21 15:23:22.490 [info] fatal: not a git repository (or any of the parent directories): .git
2023-06-21 15:24:14.055 [info] > git rev-parse --show-toplevel [3ms]
2023-06-21 15:24:14.055 [info] fatal: not a git repository (or any of the parent directories): .git
2023-06-21 15:24:20.383 [info] > git rev-parse --show-toplevel [2ms]
2023-06-21 15:24:20.383 [info] fatal: not a git repository (or any of the parent directories): .git
2023-06-21 15:25:23.996 [info] > git rev-parse --show-toplevel [3ms]
2023-06-21 15:25:23.997 [info] fatal: not a git repository (or any of the parent directories): .git
2023-06-21 15:25:25.884 [info] > git rev-parse --show-toplevel [1ms]
2023-06-21 15:25:25.884 [info] fatal: not a git repository (or any of the parent directories): .git
2023-06-21 15:25:32.722 [info] > git rev-parse --show-toplevel [3ms]
2023-06-21 15:25:32.723 [info] fatal: not a git repository (or any of the parent directories): .git
2023-06-21 15:25:42.851 [info] > git rev-parse --show-toplevel [4ms]
2023-06-21 15:25:42.852 [info] fatal: not a git repository (or any of the parent directories): .git
2023-06-21 15:26:04.035 [info] > git rev-parse --show-toplevel [3ms]
2023-06-21 15:26:04.036 [info] fatal: not a git repository (or any of the parent directories): .git
2023-06-21 15:26:06.365 [info] > git rev-parse --show-toplevel [1ms]
2023-06-21 15:26:06.365 [info] fatal: not a git repository (or any of the parent directories): .git
2023-06-21 15:27:34.703 [info] > git rev-parse --show-toplevel [10ms]
2023-06-21 15:27:34.703 [info] fatal: not a git repository (or any of the parent directories): .git
2023-06-21 15:28:10.571 [info] > git rev-parse --show-toplevel [5ms]
2023-06-21 15:28:10.571 [info] fatal: not a git repository (or any of the parent directories): .git
2023-06-21 15:28:28.794 [info] > git rev-parse --show-toplevel [15ms]
2023-06-21 15:28:28.794 [info] fatal: not a git repository (or any of the parent directories): .git
2023-06-21 15:29:47.499 [info] > git rev-parse --show-toplevel [10ms]
2023-06-21 15:29:47.500 [info] fatal: not a git repository (or any of the parent directories): .git
2023-06-21 15:30:37.878 [info] > git rev-parse --show-toplevel [13ms]
2023-06-21 15:30:37.878 [info] fatal: not a git repository (or any of the parent directories): .git
2023-06-21 15:30:46.705 [info] > git rev-parse --show-toplevel [7ms]
2023-06-21 15:30:46.706 [info] fatal: not a git repository (or any of the parent directories): .git
2023-06-21 15:30:57.852 [info] > git rev-parse --show-toplevel [2ms]
2023-06-21 15:30:57.853 [info] fatal: not a git repository (or any of the parent directories): .git
2023-06-21 15:31:03.971 [info] > git rev-parse --show-toplevel [1ms]
2023-06-21 15:31:03.972 [info] fatal: not a git repository (or any of the parent directories): .git
2023-06-21 15:31:15.738 [info] > git rev-parse --show-toplevel [4ms]
2023-06-21 15:31:15.738 [info] fatal: not a git repository (or any of the parent directories): .git
2023-06-21 15:32:56.303 [info] > git rev-parse --show-toplevel [4ms]
2023-06-21 15:32:56.303 [info] fatal: not a git repository (or any of the parent directories): .git
2023-06-21 15:43:05.504 [info] > git rev-parse --show-toplevel [3ms]
2023-06-21 15:43:05.504 [info] fatal: not a git repository (or any of the parent directories): .git
2023-06-21 15:43:29.296 [info] > git rev-parse --show-toplevel [3ms]
2023-06-21 15:43:29.296 [info] fatal: not a git repository (or any of the parent directories): .git
