2023-06-23 23:14:21.949 [info] Extension host with pid 746475 started
2023-06-23 23:14:21.969 [error] Error: EEXIST: file already exists, open '/home/daf.web.id/public_html/vai/.vscode-server/data/User/workspaceStorage/6c6d2c5b804d017270a5cb090fbadc40/vscode.lock'
2023-06-23 23:14:21.983 [info] Lock '/home/daf.web.id/public_html/vai/.vscode-server/data/User/workspaceStorage/6c6d2c5b804d017270a5cb090fbadc40/vscode.lock': Could not acquire lock, checking if the file is stale.
2023-06-23 23:14:22.022 [info] Lock '/home/daf.web.id/public_html/vai/.vscode-server/data/User/workspaceStorage/6c6d2c5b804d017270a5cb090fbadc40/vscode.lock': The lock does not look stale, elapsed: 563 ms, giving up.
2023-06-23 23:14:22.029 [error] Error: EEXIST: file already exists, open '/home/daf.web.id/public_html/vai/.vscode-server/data/User/workspaceStorage/6c6d2c5b804d017270a5cb090fbadc40-1/vscode.lock'
2023-06-23 23:14:22.030 [info] Lock '/home/daf.web.id/public_html/vai/.vscode-server/data/User/workspaceStorage/6c6d2c5b804d017270a5cb090fbadc40-1/vscode.lock': Could not acquire lock, checking if the file is stale.
2023-06-23 23:14:22.031 [info] Lock '/home/daf.web.id/public_html/vai/.vscode-server/data/User/workspaceStorage/6c6d2c5b804d017270a5cb090fbadc40-1/vscode.lock': The lock does not look stale, elapsed: 333 ms, giving up.
2023-06-23 23:14:22.049 [info] Lock '/home/daf.web.id/public_html/vai/.vscode-server/data/User/workspaceStorage/6c6d2c5b804d017270a5cb090fbadc40-2/vscode.lock': Lock acquired.
2023-06-23 23:14:22.822 [info] ExtensionService#_doActivateExtension vscode.emmet, startup: false, activationEvent: 'onLanguage'
2023-06-23 23:14:22.825 [info] ExtensionService#_doActivateExtension vscode.git-base, startup: false, activationEvent: '*', root cause: vscode.git
2023-06-23 23:14:22.827 [info] ExtensionService#_doActivateExtension ecmel.vscode-html-css, startup: false, activationEvent: '*'
2023-06-23 23:14:22.829 [info] ExtensionService#_doActivateExtension vscode.php-language-features, startup: false, activationEvent: 'onLanguage:php'
2023-06-23 23:14:23.168 [info] ExtensionService#_doActivateExtension vscode.git, startup: false, activationEvent: '*'
2023-06-23 23:14:23.170 [info] ExtensionService#_doActivateExtension vscode.github, startup: false, activationEvent: '*'
2023-06-23 23:14:24.316 [info] Eager extensions activated
2023-06-23 23:14:24.317 [info] ExtensionService#_doActivateExtension vscode.debug-auto-launch, startup: false, activationEvent: 'onStartupFinished'
2023-06-23 23:14:24.318 [info] ExtensionService#_doActivateExtension vscode.merge-conflict, startup: false, activationEvent: 'onStartupFinished'
2023-06-24 02:29:18.099 [info] Extension host terminating: renderer disconnected for too long (1)
2023-06-24 02:29:18.127 [info] Lock '/home/daf.web.id/public_html/vai/.vscode-server/data/User/workspaceStorage/6c6d2c5b804d017270a5cb090fbadc40-2/vscode.lock': Marking the lockfile as scheduled to be released in 6000 ms.
2023-06-24 02:29:18.187 [info] Extension host with pid 746475 exiting with code 0
