2023-06-25 09:43:57.068 [info] Extension host with pid 15849 started
2023-06-25 09:43:57.107 [info] Lock '/home/daf.web.id/public_html/vai/.vscode-server/data/User/workspaceStorage/6c6d2c5b804d017270a5cb090fbadc40/vscode.lock': Lock acquired.
2023-06-25 09:43:57.249 [info] ExtensionService#_doActivateExtension vscode.emmet, startup: false, activationEvent: 'onLanguage'
2023-06-25 09:43:57.252 [info] ExtensionService#_doActivateExtension vscode.git-base, startup: false, activationEvent: '*', root cause: vscode.git
2023-06-25 09:43:57.253 [info] ExtensionService#_doActivateExtension ecmel.vscode-html-css, startup: false, activationEvent: '*'
2023-06-25 09:43:57.254 [info] ExtensionService#_doActivateExtension vscode.php-language-features, startup: false, activationEvent: 'onLanguage:php'
2023-06-25 09:43:57.944 [info] ExtensionService#_doActivateExtension vscode.git, startup: false, activationEvent: '*'
2023-06-25 09:43:57.945 [info] ExtensionService#_doActivateExtension vscode.github, startup: false, activationEvent: '*'
2023-06-25 09:43:59.107 [info] Eager extensions activated
2023-06-25 09:43:59.107 [info] ExtensionService#_doActivateExtension vscode.debug-auto-launch, startup: false, activationEvent: 'onStartupFinished'
2023-06-25 09:43:59.109 [info] ExtensionService#_doActivateExtension vscode.merge-conflict, startup: false, activationEvent: 'onStartupFinished'
2023-06-25 13:43:59.210 [error] [vscode.emmet] provider FAILED
2023-06-25 13:43:59.221 [error] Error: Unable to find matching pair for < at char 18173
	at r.error (/home/daf.web.id/public_html/vai/.vscode-server/bin/695af097c7bd098fbf017ce3ac85e09bbc5dda06/extensions/emmet/dist/node/emmetNodeMain.js:1:22191)
	at f (/home/daf.web.id/public_html/vai/.vscode-server/bin/695af097c7bd098fbf017ce3ac85e09bbc5dda06/extensions/emmet/dist/node/emmetNodeMain.js:1:21421)
	at u (/home/daf.web.id/public_html/vai/.vscode-server/bin/695af097c7bd098fbf017ce3ac85e09bbc5dda06/extensions/emmet/dist/node/emmetNodeMain.js:1:14436)
	at l (/home/daf.web.id/public_html/vai/.vscode-server/bin/695af097c7bd098fbf017ce3ac85e09bbc5dda06/extensions/emmet/dist/node/emmetNodeMain.js:1:14549)
	at /home/daf.web.id/public_html/vai/.vscode-server/bin/695af097c7bd098fbf017ce3ac85e09bbc5dda06/extensions/emmet/dist/node/emmetNodeMain.js:1:15164
	at m (/home/daf.web.id/public_html/vai/.vscode-server/bin/695af097c7bd098fbf017ce3ac85e09bbc5dda06/extensions/emmet/dist/node/emmetNodeMain.js:1:15271)
	at S (/home/daf.web.id/public_html/vai/.vscode-server/bin/695af097c7bd098fbf017ce3ac85e09bbc5dda06/extensions/emmet/dist/node/emmetNodeMain.js:1:16189)
	at I (/home/daf.web.id/public_html/vai/.vscode-server/bin/695af097c7bd098fbf017ce3ac85e09bbc5dda06/extensions/emmet/dist/node/emmetNodeMain.js:1:16599)
	at t.getRootNode (/home/daf.web.id/public_html/vai/.vscode-server/bin/695af097c7bd098fbf017ce3ac85e09bbc5dda06/extensions/emmet/dist/node/emmetNodeMain.js:1:144798)
	at t.DefaultCompletionItemProvider.b (/home/daf.web.id/public_html/vai/.vscode-server/bin/695af097c7bd098fbf017ce3ac85e09bbc5dda06/extensions/emmet/dist/node/emmetNodeMain.js:1:129898)
	at t.DefaultCompletionItemProvider.provideCompletionItems (/home/daf.web.id/public_html/vai/.vscode-server/bin/695af097c7bd098fbf017ce3ac85e09bbc5dda06/extensions/emmet/dist/node/emmetNodeMain.js:1:128836)
	at q.provideCompletionItems (/home/daf.web.id/public_html/vai/.vscode-server/bin/695af097c7bd098fbf017ce3ac85e09bbc5dda06/out/vs/workbench/api/node/extensionHostProcess.js:102:51252)
	at /home/daf.web.id/public_html/vai/.vscode-server/bin/695af097c7bd098fbf017ce3ac85e09bbc5dda06/out/vs/workbench/api/node/extensionHostProcess.js:102:72248
	at oe.s (/home/daf.web.id/public_html/vai/.vscode-server/bin/695af097c7bd098fbf017ce3ac85e09bbc5dda06/out/vs/workbench/api/node/extensionHostProcess.js:102:63904)
	at oe.$provideCompletionItems (/home/daf.web.id/public_html/vai/.vscode-server/bin/695af097c7bd098fbf017ce3ac85e09bbc5dda06/out/vs/workbench/api/node/extensionHostProcess.js:102:72235)
	at s.N (/home/daf.web.id/public_html/vai/.vscode-server/bin/695af097c7bd098fbf017ce3ac85e09bbc5dda06/out/vs/workbench/api/node/extensionHostProcess.js:112:11717)
	at s.M (/home/daf.web.id/public_html/vai/.vscode-server/bin/695af097c7bd098fbf017ce3ac85e09bbc5dda06/out/vs/workbench/api/node/extensionHostProcess.js:112:11435)
	at s.H (/home/daf.web.id/public_html/vai/.vscode-server/bin/695af097c7bd098fbf017ce3ac85e09bbc5dda06/out/vs/workbench/api/node/extensionHostProcess.js:112:10477)
	at s.G (/home/daf.web.id/public_html/vai/.vscode-server/bin/695af097c7bd098fbf017ce3ac85e09bbc5dda06/out/vs/workbench/api/node/extensionHostProcess.js:112:9494)
	at /home/daf.web.id/public_html/vai/.vscode-server/bin/695af097c7bd098fbf017ce3ac85e09bbc5dda06/out/vs/workbench/api/node/extensionHostProcess.js:112:8282
	at b.invoke (/home/daf.web.id/public_html/vai/.vscode-server/bin/695af097c7bd098fbf017ce3ac85e09bbc5dda06/out/vs/workbench/api/node/extensionHostProcess.js:63:145)
	at deliver (/home/daf.web.id/public_html/vai/.vscode-server/bin/695af097c7bd098fbf017ce3ac85e09bbc5dda06/out/vs/workbench/api/node/extensionHostProcess.js:63:2121)
	at n.fire (/home/daf.web.id/public_html/vai/.vscode-server/bin/695af097c7bd098fbf017ce3ac85e09bbc5dda06/out/vs/workbench/api/node/extensionHostProcess.js:63:1729)
	at p.fire (/home/daf.web.id/public_html/vai/.vscode-server/bin/695af097c7bd098fbf017ce3ac85e09bbc5dda06/out/vs/workbench/api/node/extensionHostProcess.js:73:14783)
	at /home/daf.web.id/public_html/vai/.vscode-server/bin/695af097c7bd098fbf017ce3ac85e09bbc5dda06/out/vs/workbench/api/node/extensionHostProcess.js:128:32461
	at b.invoke (/home/daf.web.id/public_html/vai/.vscode-server/bin/695af097c7bd098fbf017ce3ac85e09bbc5dda06/out/vs/workbench/api/node/extensionHostProcess.js:63:145)
	at deliver (/home/daf.web.id/public_html/vai/.vscode-server/bin/695af097c7bd098fbf017ce3ac85e09bbc5dda06/out/vs/workbench/api/node/extensionHostProcess.js:63:2121)
	at n.fire (/home/daf.web.id/public_html/vai/.vscode-server/bin/695af097c7bd098fbf017ce3ac85e09bbc5dda06/out/vs/workbench/api/node/extensionHostProcess.js:63:1729)
	at p.fire (/home/daf.web.id/public_html/vai/.vscode-server/bin/695af097c7bd098fbf017ce3ac85e09bbc5dda06/out/vs/workbench/api/node/extensionHostProcess.js:73:14783)
	at D.E (/home/daf.web.id/public_html/vai/.vscode-server/bin/695af097c7bd098fbf017ce3ac85e09bbc5dda06/out/vs/workbench/api/node/extensionHostProcess.js:73:18830)
	at /home/daf.web.id/public_html/vai/.vscode-server/bin/695af097c7bd098fbf017ce3ac85e09bbc5dda06/out/vs/workbench/api/node/extensionHostProcess.js:73:16818
	at b.invoke (/home/daf.web.id/public_html/vai/.vscode-server/bin/695af097c7bd098fbf017ce3ac85e09bbc5dda06/out/vs/workbench/api/node/extensionHostProcess.js:63:145)
	at deliver (/home/daf.web.id/public_html/vai/.vscode-server/bin/695af097c7bd098fbf017ce3ac85e09bbc5dda06/out/vs/workbench/api/node/extensionHostProcess.js:63:2121)
	at n.fire (/home/daf.web.id/public_html/vai/.vscode-server/bin/695af097c7bd098fbf017ce3ac85e09bbc5dda06/out/vs/workbench/api/node/extensionHostProcess.js:63:1729)
	at h.acceptChunk (/home/daf.web.id/public_html/vai/.vscode-server/bin/695af097c7bd098fbf017ce3ac85e09bbc5dda06/out/vs/workbench/api/node/extensionHostProcess.js:73:12514)
	at /home/daf.web.id/public_html/vai/.vscode-server/bin/695af097c7bd098fbf017ce3ac85e09bbc5dda06/out/vs/workbench/api/node/extensionHostProcess.js:73:11801
	at b.invoke (/home/daf.web.id/public_html/vai/.vscode-server/bin/695af097c7bd098fbf017ce3ac85e09bbc5dda06/out/vs/workbench/api/node/extensionHostProcess.js:63:145)
	at deliver (/home/daf.web.id/public_html/vai/.vscode-server/bin/695af097c7bd098fbf017ce3ac85e09bbc5dda06/out/vs/workbench/api/node/extensionHostProcess.js:63:2121)
	at n.fire (/home/daf.web.id/public_html/vai/.vscode-server/bin/695af097c7bd098fbf017ce3ac85e09bbc5dda06/out/vs/workbench/api/node/extensionHostProcess.js:63:1729)
	at E.u (/home/daf.web.id/public_html/vai/.vscode-server/bin/695af097c7bd098fbf017ce3ac85e09bbc5dda06/out/vs/workbench/api/node/extensionHostProcess.js:128:20017)
2023-06-25 14:54:17.735 [info] ExtensionService#_doActivateExtension vscode.typescript-language-features, startup: false, activationEvent: 'onLanguage:javascript'
2023-06-25 16:17:10.599 [info] ExtensionService#_doActivateExtension vscode.npm, startup: false, activationEvent: 'onTerminalQuickFixRequest:ms-vscode.npm-command'
