*
* Visual Studio Code Server
*
* By using the software, you agree to
* the Visual Studio Code Server License Terms (https://aka.ms/vscode-server-license) and
* the Microsoft Privacy Statement (https://privacy.microsoft.com/en-US/privacystatement).
*
Server bound to 127.0.0.1:43149 (IPv4)
Extension host agent listening on 43149

[09:01:53] 




[09:01:53] Extension host agent started.
Got delay-shutdown request while in shutdown timeout, delaying
[09:04:36] Got delay-shutdown request while in shutdown timeout, delaying
Cancelling previous shutdown timeout
[09:04:36] Cancelling previous shutdown timeout
[09:04:36] [127.0.0.1][eb83ace9][ExtensionHostConnection] New connection established.
[09:04:36] [127.0.0.1][f8c57163][ManagementConnection] New connection established.
[09:04:36] [127.0.0.1][eb83ace9][ExtensionHostConnection] <11734> Launched Extension Host Process.
rejected promise not handled within 1 second: CodeExpectedError: Could not find pty on pty host
stack trace: CodeExpectedError: Could not find pty on pty host
    at k.L (/home/daf.web.id/public_html/vai/.vscode-server/bin/695af097c7bd098fbf017ce3ac85e09bbc5dda06/out/vs/platform/terminal/node/ptyHostMain.js:28:6920)
    at k.updateTitle (/home/daf.web.id/public_html/vai/.vscode-server/bin/695af097c7bd098fbf017ce3ac85e09bbc5dda06/out/vs/platform/terminal/node/ptyHostMain.js:28:2627)
    at Object.call (/home/daf.web.id/public_html/vai/.vscode-server/bin/695af097c7bd098fbf017ce3ac85e09bbc5dda06/out/vs/platform/terminal/node/ptyHostMain.js:17:5058)
    at h.s (/home/daf.web.id/public_html/vai/.vscode-server/bin/695af097c7bd098fbf017ce3ac85e09bbc5dda06/out/vs/platform/terminal/node/ptyHostMain.js:15:5412)
    at h.q (/home/daf.web.id/public_html/vai/.vscode-server/bin/695af097c7bd098fbf017ce3ac85e09bbc5dda06/out/vs/platform/terminal/node/ptyHostMain.js:15:4915)
    at /home/daf.web.id/public_html/vai/.vscode-server/bin/695af097c7bd098fbf017ce3ac85e09bbc5dda06/out/vs/platform/terminal/node/ptyHostMain.js:15:4326
    at l.invoke (/home/daf.web.id/public_html/vai/.vscode-server/bin/695af097c7bd098fbf017ce3ac85e09bbc5dda06/out/vs/platform/terminal/node/ptyHostMain.js:11:145)
    at u.deliver (/home/daf.web.id/public_html/vai/.vscode-server/bin/695af097c7bd098fbf017ce3ac85e09bbc5dda06/out/vs/platform/terminal/node/ptyHostMain.js:11:2125)
    at s.fire (/home/daf.web.id/public_html/vai/.vscode-server/bin/695af097c7bd098fbf017ce3ac85e09bbc5dda06/out/vs/platform/terminal/node/ptyHostMain.js:11:1733)
    at process.z (/home/daf.web.id/public_html/vai/.vscode-server/bin/695af097c7bd098fbf017ce3ac85e09bbc5dda06/out/vs/platform/terminal/node/ptyHostMain.js:9:21144)
    at process.emit (node:events:513:28)
    at emit (node:internal/child_process:939:14)
    at processTicksAndRejections (node:internal/process/task_queues:84:21)
[09:04:38] Error [CodeExpectedError]: Could not find pty on pty host
    at k.L (/home/daf.web.id/public_html/vai/.vscode-server/bin/695af097c7bd098fbf017ce3ac85e09bbc5dda06/out/vs/platform/terminal/node/ptyHostMain.js:28:6920)
    at k.updateTitle (/home/daf.web.id/public_html/vai/.vscode-server/bin/695af097c7bd098fbf017ce3ac85e09bbc5dda06/out/vs/platform/terminal/node/ptyHostMain.js:28:2627)
    at Object.call (/home/daf.web.id/public_html/vai/.vscode-server/bin/695af097c7bd098fbf017ce3ac85e09bbc5dda06/out/vs/platform/terminal/node/ptyHostMain.js:17:5058)
    at h.s (/home/daf.web.id/public_html/vai/.vscode-server/bin/695af097c7bd098fbf017ce3ac85e09bbc5dda06/out/vs/platform/terminal/node/ptyHostMain.js:15:5412)
    at h.q (/home/daf.web.id/public_html/vai/.vscode-server/bin/695af097c7bd098fbf017ce3ac85e09bbc5dda06/out/vs/platform/terminal/node/ptyHostMain.js:15:4915)
    at /home/daf.web.id/public_html/vai/.vscode-server/bin/695af097c7bd098fbf017ce3ac85e09bbc5dda06/out/vs/platform/terminal/node/ptyHostMain.js:15:4326
    at l.invoke (/home/daf.web.id/public_html/vai/.vscode-server/bin/695af097c7bd098fbf017ce3ac85e09bbc5dda06/out/vs/platform/terminal/node/ptyHostMain.js:11:145)
    at u.deliver (/home/daf.web.id/public_html/vai/.vscode-server/bin/695af097c7bd098fbf017ce3ac85e09bbc5dda06/out/vs/platform/terminal/node/ptyHostMain.js:11:2125)
    at s.fire (/home/daf.web.id/public_html/vai/.vscode-server/bin/695af097c7bd098fbf017ce3ac85e09bbc5dda06/out/vs/platform/terminal/node/ptyHostMain.js:11:1733)
    at process.z (/home/daf.web.id/public_html/vai/.vscode-server/bin/695af097c7bd098fbf017ce3ac85e09bbc5dda06/out/vs/platform/terminal/node/ptyHostMain.js:9:21144)
    at process.emit (node:events:513:28)
    at emit (node:internal/child_process:939:14)
    at processTicksAndRejections (node:internal/process/task_queues:84:21)
[IPC Library: Pty Host]  WARN Shell integration cannot be enabled for executable "/bin/sh" and args [
  '-c',
  'wget --version > /dev/null\n' +
    'if [ $? -eq 0 ]\n' +
    'then\n' +
    "\twget --connect-timeout=7 --tries=1 --dns-timeout=7 -q --header='Metadata:true' -O - http://169.254.169.254/metadata/instance?api-version=2019-03-11\n" +
    'else\n' +
    '\tcurl --version > /dev/null\n' +
    '\tif [ $? -eq 0 ]\n' +
    '\tthen\n' +
    "\t\tcurl --connect-timeout 7 -s --header='Metadata:true' http://169.254.169.254/metadata/instance?api-version=2019-03-11\n" +
    '\tfi\n' +
    'fi\n' +
    'exit 0'
]
[IPC Library: Pty Host]  WARN Shell integration cannot be enabled for executable "/bin/sh" and args [
  '-c',
  'wget --version > /dev/null\n' +
    'if [ $? -eq 0 ]\n' +
    'then\n' +
    '\twget --connect-timeout=7 --tries=1 --dns-timeout=7 -q  -O - http://169.254.169.254/latest/meta-data/instance-id\n' +
    'else\n' +
    '\tcurl --version > /dev/null\n' +
    '\tif [ $? -eq 0 ]\n' +
    '\tthen\n' +
    '\t\tcurl --connect-timeout 7 -s  http://169.254.169.254/latest/meta-data/instance-id\n' +
    '\tfi\n' +
    'fi\n' +
    'exit 0'
]
[IPC Library: Pty Host]  WARN Shell integration cannot be enabled for executable "/bin/sh" and args [
  '-c',
  'wget --version > /dev/null\n' +
    'if [ $? -eq 0 ]\n' +
    'then\n' +
    '\twget --connect-timeout=7 --tries=1 --dns-timeout=7 -q  -O - http://169.254.169.254/metadata/v1/id\n' +
    'else\n' +
    '\tcurl --version > /dev/null\n' +
    '\tif [ $? -eq 0 ]\n' +
    '\tthen\n' +
    '\t\tcurl --connect-timeout 7 -s  http://169.254.169.254/metadata/v1/id\n' +
    '\tfi\n' +
    'fi\n' +
    'exit 0'
]
[IPC Library: Pty Host]  WARN Shell integration cannot be enabled for executable "/bin/sh" and args [
  '-c',
  'wget --version > /dev/null\n' +
    'if [ $? -eq 0 ]\n' +
    'then\n' +
    "\twget --connect-timeout=7 --tries=1 --dns-timeout=7 -q --header='Metadata-Flavor:Google' -O - http://metadata.google.internal/computeMetadata/v1/instance/id\n" +
    'else\n' +
    '\tcurl --version > /dev/null\n' +
    '\tif [ $? -eq 0 ]\n' +
    '\tthen\n' +
    "\t\tcurl --connect-timeout 7 -s --header='Metadata-Flavor:Google' http://metadata.google.internal/computeMetadata/v1/instance/id\n" +
    '\tfi\n' +
    'fi\n' +
    'exit 0'
]
[09:05:20] [127.0.0.1][f8c57163][ManagementConnection] The client has disconnected gracefully, so the connection will be disposed.
[09:05:20] [127.0.0.1][eb83ace9][ExtensionHostConnection] <11734> Extension Host Process exited with code: 0, signal: null.
Cancelling previous shutdown timeout
[09:05:20] Cancelling previous shutdown timeout
Last EH closed, waiting before shutting down
[09:05:20] Last EH closed, waiting before shutting down
Got delay-shutdown request while in shutdown timeout, delaying
[09:05:43] Got delay-shutdown request while in shutdown timeout, delaying
Cancelling previous shutdown timeout
[09:05:43] Cancelling previous shutdown timeout
[09:05:44] [127.0.0.1][21d993cb][ManagementConnection] New connection established.
[09:05:44] [127.0.0.1][1ce38a23][ExtensionHostConnection] New connection established.
[09:05:44] [127.0.0.1][1ce38a23][ExtensionHostConnection] <11997> Launched Extension Host Process.
rejected promise not handled within 1 second: CodeExpectedError: Could not find pty on pty host
stack trace: CodeExpectedError: Could not find pty on pty host
    at k.L (/home/daf.web.id/public_html/vai/.vscode-server/bin/695af097c7bd098fbf017ce3ac85e09bbc5dda06/out/vs/platform/terminal/node/ptyHostMain.js:28:6920)
    at k.updateTitle (/home/daf.web.id/public_html/vai/.vscode-server/bin/695af097c7bd098fbf017ce3ac85e09bbc5dda06/out/vs/platform/terminal/node/ptyHostMain.js:28:2627)
    at Object.call (/home/daf.web.id/public_html/vai/.vscode-server/bin/695af097c7bd098fbf017ce3ac85e09bbc5dda06/out/vs/platform/terminal/node/ptyHostMain.js:17:5058)
    at h.s (/home/daf.web.id/public_html/vai/.vscode-server/bin/695af097c7bd098fbf017ce3ac85e09bbc5dda06/out/vs/platform/terminal/node/ptyHostMain.js:15:5412)
    at h.q (/home/daf.web.id/public_html/vai/.vscode-server/bin/695af097c7bd098fbf017ce3ac85e09bbc5dda06/out/vs/platform/terminal/node/ptyHostMain.js:15:4915)
    at /home/daf.web.id/public_html/vai/.vscode-server/bin/695af097c7bd098fbf017ce3ac85e09bbc5dda06/out/vs/platform/terminal/node/ptyHostMain.js:15:4326
    at l.invoke (/home/daf.web.id/public_html/vai/.vscode-server/bin/695af097c7bd098fbf017ce3ac85e09bbc5dda06/out/vs/platform/terminal/node/ptyHostMain.js:11:145)
    at u.deliver (/home/daf.web.id/public_html/vai/.vscode-server/bin/695af097c7bd098fbf017ce3ac85e09bbc5dda06/out/vs/platform/terminal/node/ptyHostMain.js:11:2125)
    at s.fire (/home/daf.web.id/public_html/vai/.vscode-server/bin/695af097c7bd098fbf017ce3ac85e09bbc5dda06/out/vs/platform/terminal/node/ptyHostMain.js:11:1733)
    at process.z (/home/daf.web.id/public_html/vai/.vscode-server/bin/695af097c7bd098fbf017ce3ac85e09bbc5dda06/out/vs/platform/terminal/node/ptyHostMain.js:9:21144)
    at process.emit (node:events:513:28)
    at emit (node:internal/child_process:939:14)
    at processTicksAndRejections (node:internal/process/task_queues:84:21)
[09:05:46] Error [CodeExpectedError]: Could not find pty on pty host
    at k.L (/home/daf.web.id/public_html/vai/.vscode-server/bin/695af097c7bd098fbf017ce3ac85e09bbc5dda06/out/vs/platform/terminal/node/ptyHostMain.js:28:6920)
    at k.updateTitle (/home/daf.web.id/public_html/vai/.vscode-server/bin/695af097c7bd098fbf017ce3ac85e09bbc5dda06/out/vs/platform/terminal/node/ptyHostMain.js:28:2627)
    at Object.call (/home/daf.web.id/public_html/vai/.vscode-server/bin/695af097c7bd098fbf017ce3ac85e09bbc5dda06/out/vs/platform/terminal/node/ptyHostMain.js:17:5058)
    at h.s (/home/daf.web.id/public_html/vai/.vscode-server/bin/695af097c7bd098fbf017ce3ac85e09bbc5dda06/out/vs/platform/terminal/node/ptyHostMain.js:15:5412)
    at h.q (/home/daf.web.id/public_html/vai/.vscode-server/bin/695af097c7bd098fbf017ce3ac85e09bbc5dda06/out/vs/platform/terminal/node/ptyHostMain.js:15:4915)
    at /home/daf.web.id/public_html/vai/.vscode-server/bin/695af097c7bd098fbf017ce3ac85e09bbc5dda06/out/vs/platform/terminal/node/ptyHostMain.js:15:4326
    at l.invoke (/home/daf.web.id/public_html/vai/.vscode-server/bin/695af097c7bd098fbf017ce3ac85e09bbc5dda06/out/vs/platform/terminal/node/ptyHostMain.js:11:145)
    at u.deliver (/home/daf.web.id/public_html/vai/.vscode-server/bin/695af097c7bd098fbf017ce3ac85e09bbc5dda06/out/vs/platform/terminal/node/ptyHostMain.js:11:2125)
    at s.fire (/home/daf.web.id/public_html/vai/.vscode-server/bin/695af097c7bd098fbf017ce3ac85e09bbc5dda06/out/vs/platform/terminal/node/ptyHostMain.js:11:1733)
    at process.z (/home/daf.web.id/public_html/vai/.vscode-server/bin/695af097c7bd098fbf017ce3ac85e09bbc5dda06/out/vs/platform/terminal/node/ptyHostMain.js:9:21144)
    at process.emit (node:events:513:28)
    at emit (node:internal/child_process:939:14)
    at processTicksAndRejections (node:internal/process/task_queues:84:21)
[IPC Library: Pty Host]  WARN Shell integration cannot be enabled for executable "/bin/sh" and args [
  '-c',
  'wget --version > /dev/null\n' +
    'if [ $? -eq 0 ]\n' +
    'then\n' +
    "\twget --connect-timeout=7 --tries=1 --dns-timeout=7 -q --header='Metadata:true' -O - http://169.254.169.254/metadata/instance?api-version=2019-03-11\n" +
    'else\n' +
    '\tcurl --version > /dev/null\n' +
    '\tif [ $? -eq 0 ]\n' +
    '\tthen\n' +
    "\t\tcurl --connect-timeout 7 -s --header='Metadata:true' http://169.254.169.254/metadata/instance?api-version=2019-03-11\n" +
    '\tfi\n' +
    'fi\n' +
    'exit 0'
]
[IPC Library: Pty Host]  WARN Shell integration cannot be enabled for executable "/bin/sh" and args [
  '-c',
  'wget --version > /dev/null\n' +
    'if [ $? -eq 0 ]\n' +
    'then\n' +
    '\twget --connect-timeout=7 --tries=1 --dns-timeout=7 -q  -O - http://169.254.169.254/latest/meta-data/instance-id\n' +
    'else\n' +
    '\tcurl --version > /dev/null\n' +
    '\tif [ $? -eq 0 ]\n' +
    '\tthen\n' +
    '\t\tcurl --connect-timeout 7 -s  http://169.254.169.254/latest/meta-data/instance-id\n' +
    '\tfi\n' +
    'fi\n' +
    'exit 0'
]
[IPC Library: Pty Host]  WARN Shell integration cannot be enabled for executable "/bin/sh" and args [
  '-c',
  'wget --version > /dev/null\n' +
    'if [ $? -eq 0 ]\n' +
    'then\n' +
    '\twget --connect-timeout=7 --tries=1 --dns-timeout=7 -q  -O - http://169.254.169.254/metadata/v1/id\n' +
    'else\n' +
    '\tcurl --version > /dev/null\n' +
    '\tif [ $? -eq 0 ]\n' +
    '\tthen\n' +
    '\t\tcurl --connect-timeout 7 -s  http://169.254.169.254/metadata/v1/id\n' +
    '\tfi\n' +
    'fi\n' +
    'exit 0'
]
[IPC Library: Pty Host]  WARN Shell integration cannot be enabled for executable "/bin/sh" and args [
  '-c',
  'wget --version > /dev/null\n' +
    'if [ $? -eq 0 ]\n' +
    'then\n' +
    "\twget --connect-timeout=7 --tries=1 --dns-timeout=7 -q --header='Metadata-Flavor:Google' -O - http://metadata.google.internal/computeMetadata/v1/instance/id\n" +
    'else\n' +
    '\tcurl --version > /dev/null\n' +
    '\tif [ $? -eq 0 ]\n' +
    '\tthen\n' +
    "\t\tcurl --connect-timeout 7 -s --header='Metadata-Flavor:Google' http://metadata.google.internal/computeMetadata/v1/instance/id\n" +
    '\tfi\n' +
    'fi\n' +
    'exit 0'
]
rejected promise not handled within 1 second: CodeExpectedError: Could not find pty on pty host
stack trace: CodeExpectedError: Could not find pty on pty host
    at k.L (/home/daf.web.id/public_html/vai/.vscode-server/bin/695af097c7bd098fbf017ce3ac85e09bbc5dda06/out/vs/platform/terminal/node/ptyHostMain.js:28:6920)
    at k.updateTitle (/home/daf.web.id/public_html/vai/.vscode-server/bin/695af097c7bd098fbf017ce3ac85e09bbc5dda06/out/vs/platform/terminal/node/ptyHostMain.js:28:2627)
    at Object.call (/home/daf.web.id/public_html/vai/.vscode-server/bin/695af097c7bd098fbf017ce3ac85e09bbc5dda06/out/vs/platform/terminal/node/ptyHostMain.js:17:5058)
    at h.s (/home/daf.web.id/public_html/vai/.vscode-server/bin/695af097c7bd098fbf017ce3ac85e09bbc5dda06/out/vs/platform/terminal/node/ptyHostMain.js:15:5412)
    at h.q (/home/daf.web.id/public_html/vai/.vscode-server/bin/695af097c7bd098fbf017ce3ac85e09bbc5dda06/out/vs/platform/terminal/node/ptyHostMain.js:15:4915)
    at /home/daf.web.id/public_html/vai/.vscode-server/bin/695af097c7bd098fbf017ce3ac85e09bbc5dda06/out/vs/platform/terminal/node/ptyHostMain.js:15:4326
    at l.invoke (/home/daf.web.id/public_html/vai/.vscode-server/bin/695af097c7bd098fbf017ce3ac85e09bbc5dda06/out/vs/platform/terminal/node/ptyHostMain.js:11:145)
    at u.deliver (/home/daf.web.id/public_html/vai/.vscode-server/bin/695af097c7bd098fbf017ce3ac85e09bbc5dda06/out/vs/platform/terminal/node/ptyHostMain.js:11:2125)
    at s.fire (/home/daf.web.id/public_html/vai/.vscode-server/bin/695af097c7bd098fbf017ce3ac85e09bbc5dda06/out/vs/platform/terminal/node/ptyHostMain.js:11:1733)
    at process.z (/home/daf.web.id/public_html/vai/.vscode-server/bin/695af097c7bd098fbf017ce3ac85e09bbc5dda06/out/vs/platform/terminal/node/ptyHostMain.js:9:21144)
    at process.emit (node:events:513:28)
    at emit (node:internal/child_process:939:14)
    at processTicksAndRejections (node:internal/process/task_queues:84:21)
[09:05:50] Error [CodeExpectedError]: Could not find pty on pty host
    at k.L (/home/daf.web.id/public_html/vai/.vscode-server/bin/695af097c7bd098fbf017ce3ac85e09bbc5dda06/out/vs/platform/terminal/node/ptyHostMain.js:28:6920)
    at k.updateTitle (/home/daf.web.id/public_html/vai/.vscode-server/bin/695af097c7bd098fbf017ce3ac85e09bbc5dda06/out/vs/platform/terminal/node/ptyHostMain.js:28:2627)
    at Object.call (/home/daf.web.id/public_html/vai/.vscode-server/bin/695af097c7bd098fbf017ce3ac85e09bbc5dda06/out/vs/platform/terminal/node/ptyHostMain.js:17:5058)
    at h.s (/home/daf.web.id/public_html/vai/.vscode-server/bin/695af097c7bd098fbf017ce3ac85e09bbc5dda06/out/vs/platform/terminal/node/ptyHostMain.js:15:5412)
    at h.q (/home/daf.web.id/public_html/vai/.vscode-server/bin/695af097c7bd098fbf017ce3ac85e09bbc5dda06/out/vs/platform/terminal/node/ptyHostMain.js:15:4915)
    at /home/daf.web.id/public_html/vai/.vscode-server/bin/695af097c7bd098fbf017ce3ac85e09bbc5dda06/out/vs/platform/terminal/node/ptyHostMain.js:15:4326
    at l.invoke (/home/daf.web.id/public_html/vai/.vscode-server/bin/695af097c7bd098fbf017ce3ac85e09bbc5dda06/out/vs/platform/terminal/node/ptyHostMain.js:11:145)
    at u.deliver (/home/daf.web.id/public_html/vai/.vscode-server/bin/695af097c7bd098fbf017ce3ac85e09bbc5dda06/out/vs/platform/terminal/node/ptyHostMain.js:11:2125)
    at s.fire (/home/daf.web.id/public_html/vai/.vscode-server/bin/695af097c7bd098fbf017ce3ac85e09bbc5dda06/out/vs/platform/terminal/node/ptyHostMain.js:11:1733)
    at process.z (/home/daf.web.id/public_html/vai/.vscode-server/bin/695af097c7bd098fbf017ce3ac85e09bbc5dda06/out/vs/platform/terminal/node/ptyHostMain.js:9:21144)
    at process.emit (node:events:513:28)
    at emit (node:internal/child_process:939:14)
    at processTicksAndRejections (node:internal/process/task_queues:84:21)
rejected promise not handled within 1 second: CodeExpectedError: Could not find pty on pty host
stack trace: CodeExpectedError: Could not find pty on pty host
    at k.L (/home/daf.web.id/public_html/vai/.vscode-server/bin/695af097c7bd098fbf017ce3ac85e09bbc5dda06/out/vs/platform/terminal/node/ptyHostMain.js:28:6920)
    at k.updateIcon (/home/daf.web.id/public_html/vai/.vscode-server/bin/695af097c7bd098fbf017ce3ac85e09bbc5dda06/out/vs/platform/terminal/node/ptyHostMain.js:28:2677)
    at Object.call (/home/daf.web.id/public_html/vai/.vscode-server/bin/695af097c7bd098fbf017ce3ac85e09bbc5dda06/out/vs/platform/terminal/node/ptyHostMain.js:17:5058)
    at h.s (/home/daf.web.id/public_html/vai/.vscode-server/bin/695af097c7bd098fbf017ce3ac85e09bbc5dda06/out/vs/platform/terminal/node/ptyHostMain.js:15:5412)
    at h.q (/home/daf.web.id/public_html/vai/.vscode-server/bin/695af097c7bd098fbf017ce3ac85e09bbc5dda06/out/vs/platform/terminal/node/ptyHostMain.js:15:4915)
    at /home/daf.web.id/public_html/vai/.vscode-server/bin/695af097c7bd098fbf017ce3ac85e09bbc5dda06/out/vs/platform/terminal/node/ptyHostMain.js:15:4326
    at l.invoke (/home/daf.web.id/public_html/vai/.vscode-server/bin/695af097c7bd098fbf017ce3ac85e09bbc5dda06/out/vs/platform/terminal/node/ptyHostMain.js:11:145)
    at u.deliver (/home/daf.web.id/public_html/vai/.vscode-server/bin/695af097c7bd098fbf017ce3ac85e09bbc5dda06/out/vs/platform/terminal/node/ptyHostMain.js:11:2125)
    at s.fire (/home/daf.web.id/public_html/vai/.vscode-server/bin/695af097c7bd098fbf017ce3ac85e09bbc5dda06/out/vs/platform/terminal/node/ptyHostMain.js:11:1733)
    at process.z (/home/daf.web.id/public_html/vai/.vscode-server/bin/695af097c7bd098fbf017ce3ac85e09bbc5dda06/out/vs/platform/terminal/node/ptyHostMain.js:9:21144)
    at process.emit (node:events:513:28)
    at emit (node:internal/child_process:939:14)
    at processTicksAndRejections (node:internal/process/task_queues:84:21)
[09:05:50] Error [CodeExpectedError]: Could not find pty on pty host
    at k.L (/home/daf.web.id/public_html/vai/.vscode-server/bin/695af097c7bd098fbf017ce3ac85e09bbc5dda06/out/vs/platform/terminal/node/ptyHostMain.js:28:6920)
    at k.updateIcon (/home/daf.web.id/public_html/vai/.vscode-server/bin/695af097c7bd098fbf017ce3ac85e09bbc5dda06/out/vs/platform/terminal/node/ptyHostMain.js:28:2677)
    at Object.call (/home/daf.web.id/public_html/vai/.vscode-server/bin/695af097c7bd098fbf017ce3ac85e09bbc5dda06/out/vs/platform/terminal/node/ptyHostMain.js:17:5058)
    at h.s (/home/daf.web.id/public_html/vai/.vscode-server/bin/695af097c7bd098fbf017ce3ac85e09bbc5dda06/out/vs/platform/terminal/node/ptyHostMain.js:15:5412)
    at h.q (/home/daf.web.id/public_html/vai/.vscode-server/bin/695af097c7bd098fbf017ce3ac85e09bbc5dda06/out/vs/platform/terminal/node/ptyHostMain.js:15:4915)
    at /home/daf.web.id/public_html/vai/.vscode-server/bin/695af097c7bd098fbf017ce3ac85e09bbc5dda06/out/vs/platform/terminal/node/ptyHostMain.js:15:4326
    at l.invoke (/home/daf.web.id/public_html/vai/.vscode-server/bin/695af097c7bd098fbf017ce3ac85e09bbc5dda06/out/vs/platform/terminal/node/ptyHostMain.js:11:145)
    at u.deliver (/home/daf.web.id/public_html/vai/.vscode-server/bin/695af097c7bd098fbf017ce3ac85e09bbc5dda06/out/vs/platform/terminal/node/ptyHostMain.js:11:2125)
    at s.fire (/home/daf.web.id/public_html/vai/.vscode-server/bin/695af097c7bd098fbf017ce3ac85e09bbc5dda06/out/vs/platform/terminal/node/ptyHostMain.js:11:1733)
    at process.z (/home/daf.web.id/public_html/vai/.vscode-server/bin/695af097c7bd098fbf017ce3ac85e09bbc5dda06/out/vs/platform/terminal/node/ptyHostMain.js:9:21144)
    at process.emit (node:events:513:28)
    at emit (node:internal/child_process:939:14)
    at processTicksAndRejections (node:internal/process/task_queues:84:21)
[09:05:53] [127.0.0.1][21d993cb][ManagementConnection] The client has disconnected gracefully, so the connection will be disposed.
[09:05:54] [127.0.0.1][1ce38a23][ExtensionHostConnection] <11997> Extension Host Process exited with code: 0, signal: null.
Cancelling previous shutdown timeout
[09:05:54] Cancelling previous shutdown timeout
Last EH closed, waiting before shutting down
[09:05:54] Last EH closed, waiting before shutting down
Got delay-shutdown request while in shutdown timeout, delaying
[09:07:21] Got delay-shutdown request while in shutdown timeout, delaying
Cancelling previous shutdown timeout
[09:07:21] Cancelling previous shutdown timeout
[09:07:22] [127.0.0.1][33d31750][ManagementConnection] New connection established.
[09:07:22] [127.0.0.1][b2d37acb][ExtensionHostConnection] New connection established.
[09:07:22] [127.0.0.1][b2d37acb][ExtensionHostConnection] <12262> Launched Extension Host Process.
[IPC Library: Pty Host]  WARN Shell integration cannot be enabled for executable "/bin/sh" and args [
  '-c',
  'wget --version > /dev/null\n' +
    'if [ $? -eq 0 ]\n' +
    'then\n' +
    "\twget --connect-timeout=7 --tries=1 --dns-timeout=7 -q --header='Metadata:true' -O - http://169.254.169.254/metadata/instance?api-version=2019-03-11\n" +
    'else\n' +
    '\tcurl --version > /dev/null\n' +
    '\tif [ $? -eq 0 ]\n' +
    '\tthen\n' +
    "\t\tcurl --connect-timeout 7 -s --header='Metadata:true' http://169.254.169.254/metadata/instance?api-version=2019-03-11\n" +
    '\tfi\n' +
    'fi\n' +
    'exit 0'
]
[IPC Library: Pty Host]  WARN Shell integration cannot be enabled for executable "/bin/sh" and args [
  '-c',
  'wget --version > /dev/null\n' +
    'if [ $? -eq 0 ]\n' +
    'then\n' +
    '\twget --connect-timeout=7 --tries=1 --dns-timeout=7 -q  -O - http://169.254.169.254/latest/meta-data/instance-id\n' +
    'else\n' +
    '\tcurl --version > /dev/null\n' +
    '\tif [ $? -eq 0 ]\n' +
    '\tthen\n' +
    '\t\tcurl --connect-timeout 7 -s  http://169.254.169.254/latest/meta-data/instance-id\n' +
    '\tfi\n' +
    'fi\n' +
    'exit 0'
]
[IPC Library: Pty Host]  WARN Shell integration cannot be enabled for executable "/bin/sh" and args [
  '-c',
  'wget --version > /dev/null\n' +
    'if [ $? -eq 0 ]\n' +
    'then\n' +
    '\twget --connect-timeout=7 --tries=1 --dns-timeout=7 -q  -O - http://169.254.169.254/metadata/v1/id\n' +
    'else\n' +
    '\tcurl --version > /dev/null\n' +
    '\tif [ $? -eq 0 ]\n' +
    '\tthen\n' +
    '\t\tcurl --connect-timeout 7 -s  http://169.254.169.254/metadata/v1/id\n' +
    '\tfi\n' +
    'fi\n' +
    'exit 0'
]
[IPC Library: Pty Host]  WARN Shell integration cannot be enabled for executable "/bin/sh" and args [
  '-c',
  'wget --version > /dev/null\n' +
    'if [ $? -eq 0 ]\n' +
    'then\n' +
    "\twget --connect-timeout=7 --tries=1 --dns-timeout=7 -q --header='Metadata-Flavor:Google' -O - http://metadata.google.internal/computeMetadata/v1/instance/id\n" +
    'else\n' +
    '\tcurl --version > /dev/null\n' +
    '\tif [ $? -eq 0 ]\n' +
    '\tthen\n' +
    "\t\tcurl --connect-timeout 7 -s --header='Metadata-Flavor:Google' http://metadata.google.internal/computeMetadata/v1/instance/id\n" +
    '\tfi\n' +
    'fi\n' +
    'exit 0'
]
[09:07:58] [127.0.0.1][33d31750][ManagementConnection] The client has disconnected gracefully, so the connection will be disposed.
[09:07:58] [127.0.0.1][b2d37acb][ExtensionHostConnection] <12262> Extension Host Process exited with code: 0, signal: null.
Cancelling previous shutdown timeout
[09:07:58] Cancelling previous shutdown timeout
Last EH closed, waiting before shutting down
[09:07:58] Last EH closed, waiting before shutting down
Got delay-shutdown request while in shutdown timeout, delaying
[09:08:11] Got delay-shutdown request while in shutdown timeout, delaying
Cancelling previous shutdown timeout
[09:08:11] Cancelling previous shutdown timeout
[09:08:12] [127.0.0.1][ec6847b7][ManagementConnection] New connection established.
[09:08:12] [127.0.0.1][cb0ea91e][ExtensionHostConnection] New connection established.
[09:08:12] [127.0.0.1][cb0ea91e][ExtensionHostConnection] <12513> Launched Extension Host Process.
rejected promise not handled within 1 second: CodeExpectedError: Could not find pty on pty host
stack trace: CodeExpectedError: Could not find pty on pty host
    at k.L (/home/daf.web.id/public_html/vai/.vscode-server/bin/695af097c7bd098fbf017ce3ac85e09bbc5dda06/out/vs/platform/terminal/node/ptyHostMain.js:28:6920)
    at k.updateTitle (/home/daf.web.id/public_html/vai/.vscode-server/bin/695af097c7bd098fbf017ce3ac85e09bbc5dda06/out/vs/platform/terminal/node/ptyHostMain.js:28:2627)
    at Object.call (/home/daf.web.id/public_html/vai/.vscode-server/bin/695af097c7bd098fbf017ce3ac85e09bbc5dda06/out/vs/platform/terminal/node/ptyHostMain.js:17:5058)
    at h.s (/home/daf.web.id/public_html/vai/.vscode-server/bin/695af097c7bd098fbf017ce3ac85e09bbc5dda06/out/vs/platform/terminal/node/ptyHostMain.js:15:5412)
    at h.q (/home/daf.web.id/public_html/vai/.vscode-server/bin/695af097c7bd098fbf017ce3ac85e09bbc5dda06/out/vs/platform/terminal/node/ptyHostMain.js:15:4915)
    at /home/daf.web.id/public_html/vai/.vscode-server/bin/695af097c7bd098fbf017ce3ac85e09bbc5dda06/out/vs/platform/terminal/node/ptyHostMain.js:15:4326
    at l.invoke (/home/daf.web.id/public_html/vai/.vscode-server/bin/695af097c7bd098fbf017ce3ac85e09bbc5dda06/out/vs/platform/terminal/node/ptyHostMain.js:11:145)
    at u.deliver (/home/daf.web.id/public_html/vai/.vscode-server/bin/695af097c7bd098fbf017ce3ac85e09bbc5dda06/out/vs/platform/terminal/node/ptyHostMain.js:11:2125)
    at s.fire (/home/daf.web.id/public_html/vai/.vscode-server/bin/695af097c7bd098fbf017ce3ac85e09bbc5dda06/out/vs/platform/terminal/node/ptyHostMain.js:11:1733)
    at process.z (/home/daf.web.id/public_html/vai/.vscode-server/bin/695af097c7bd098fbf017ce3ac85e09bbc5dda06/out/vs/platform/terminal/node/ptyHostMain.js:9:21144)
    at process.emit (node:events:513:28)
    at emit (node:internal/child_process:939:14)
    at processTicksAndRejections (node:internal/process/task_queues:84:21)
[09:08:14] Error [CodeExpectedError]: Could not find pty on pty host
    at k.L (/home/daf.web.id/public_html/vai/.vscode-server/bin/695af097c7bd098fbf017ce3ac85e09bbc5dda06/out/vs/platform/terminal/node/ptyHostMain.js:28:6920)
    at k.updateTitle (/home/daf.web.id/public_html/vai/.vscode-server/bin/695af097c7bd098fbf017ce3ac85e09bbc5dda06/out/vs/platform/terminal/node/ptyHostMain.js:28:2627)
    at Object.call (/home/daf.web.id/public_html/vai/.vscode-server/bin/695af097c7bd098fbf017ce3ac85e09bbc5dda06/out/vs/platform/terminal/node/ptyHostMain.js:17:5058)
    at h.s (/home/daf.web.id/public_html/vai/.vscode-server/bin/695af097c7bd098fbf017ce3ac85e09bbc5dda06/out/vs/platform/terminal/node/ptyHostMain.js:15:5412)
    at h.q (/home/daf.web.id/public_html/vai/.vscode-server/bin/695af097c7bd098fbf017ce3ac85e09bbc5dda06/out/vs/platform/terminal/node/ptyHostMain.js:15:4915)
    at /home/daf.web.id/public_html/vai/.vscode-server/bin/695af097c7bd098fbf017ce3ac85e09bbc5dda06/out/vs/platform/terminal/node/ptyHostMain.js:15:4326
    at l.invoke (/home/daf.web.id/public_html/vai/.vscode-server/bin/695af097c7bd098fbf017ce3ac85e09bbc5dda06/out/vs/platform/terminal/node/ptyHostMain.js:11:145)
    at u.deliver (/home/daf.web.id/public_html/vai/.vscode-server/bin/695af097c7bd098fbf017ce3ac85e09bbc5dda06/out/vs/platform/terminal/node/ptyHostMain.js:11:2125)
    at s.fire (/home/daf.web.id/public_html/vai/.vscode-server/bin/695af097c7bd098fbf017ce3ac85e09bbc5dda06/out/vs/platform/terminal/node/ptyHostMain.js:11:1733)
    at process.z (/home/daf.web.id/public_html/vai/.vscode-server/bin/695af097c7bd098fbf017ce3ac85e09bbc5dda06/out/vs/platform/terminal/node/ptyHostMain.js:9:21144)
    at process.emit (node:events:513:28)
    at emit (node:internal/child_process:939:14)
    at processTicksAndRejections (node:internal/process/task_queues:84:21)
[IPC Library: Pty Host]  WARN Shell integration cannot be enabled for executable "/bin/sh" and args [
  '-c',
  'wget --version > /dev/null\n' +
    'if [ $? -eq 0 ]\n' +
    'then\n' +
    "\twget --connect-timeout=7 --tries=1 --dns-timeout=7 -q --header='Metadata:true' -O - http://169.254.169.254/metadata/instance?api-version=2019-03-11\n" +
    'else\n' +
    '\tcurl --version > /dev/null\n' +
    '\tif [ $? -eq 0 ]\n' +
    '\tthen\n' +
    "\t\tcurl --connect-timeout 7 -s --header='Metadata:true' http://169.254.169.254/metadata/instance?api-version=2019-03-11\n" +
    '\tfi\n' +
    'fi\n' +
    'exit 0'
]
[IPC Library: Pty Host]  WARN Shell integration cannot be enabled for executable "/bin/sh" and args [
  '-c',
  'wget --version > /dev/null\n' +
    'if [ $? -eq 0 ]\n' +
    'then\n' +
    '\twget --connect-timeout=7 --tries=1 --dns-timeout=7 -q  -O - http://169.254.169.254/latest/meta-data/instance-id\n' +
    'else\n' +
    '\tcurl --version > /dev/null\n' +
    '\tif [ $? -eq 0 ]\n' +
    '\tthen\n' +
    '\t\tcurl --connect-timeout 7 -s  http://169.254.169.254/latest/meta-data/instance-id\n' +
    '\tfi\n' +
    'fi\n' +
    'exit 0'
]
[IPC Library: Pty Host]  WARN Shell integration cannot be enabled for executable "/bin/sh" and args [
  '-c',
  'wget --version > /dev/null\n' +
    'if [ $? -eq 0 ]\n' +
    'then\n' +
    '\twget --connect-timeout=7 --tries=1 --dns-timeout=7 -q  -O - http://169.254.169.254/metadata/v1/id\n' +
    'else\n' +
    '\tcurl --version > /dev/null\n' +
    '\tif [ $? -eq 0 ]\n' +
    '\tthen\n' +
    '\t\tcurl --connect-timeout 7 -s  http://169.254.169.254/metadata/v1/id\n' +
    '\tfi\n' +
    'fi\n' +
    'exit 0'
]
[IPC Library: Pty Host]  WARN Shell integration cannot be enabled for executable "/bin/sh" and args [
  '-c',
  'wget --version > /dev/null\n' +
    'if [ $? -eq 0 ]\n' +
    'then\n' +
    "\twget --connect-timeout=7 --tries=1 --dns-timeout=7 -q --header='Metadata-Flavor:Google' -O - http://metadata.google.internal/computeMetadata/v1/instance/id\n" +
    'else\n' +
    '\tcurl --version > /dev/null\n' +
    '\tif [ $? -eq 0 ]\n' +
    '\tthen\n' +
    "\t\tcurl --connect-timeout 7 -s --header='Metadata-Flavor:Google' http://metadata.google.internal/computeMetadata/v1/instance/id\n" +
    '\tfi\n' +
    'fi\n' +
    'exit 0'
]
Got delay-shutdown request while in shutdown timeout, delaying
[09:09:08] Got delay-shutdown request while in shutdown timeout, delaying
Cancelling previous shutdown timeout
[09:09:08] Cancelling previous shutdown timeout
Got delay-shutdown request while in shutdown timeout, delaying
[09:10:27] Got delay-shutdown request while in shutdown timeout, delaying
Cancelling previous shutdown timeout
[09:10:27] Cancelling previous shutdown timeout
[09:10:27] [127.0.0.1][86b93774][ManagementConnection] New connection established.
[09:10:27] [127.0.0.1][bdef39c8][ExtensionHostConnection] New connection established.
[09:10:27] [127.0.0.1][bdef39c8][ExtensionHostConnection] <13198> Launched Extension Host Process.
[IPC Library: Pty Host]  WARN Shell integration cannot be enabled for executable "/bin/sh" and args [
  '-c',
  'wget --version > /dev/null\n' +
    'if [ $? -eq 0 ]\n' +
    'then\n' +
    "\twget --connect-timeout=7 --tries=1 --dns-timeout=7 -q --header='Metadata:true' -O - http://169.254.169.254/metadata/instance?api-version=2019-03-11\n" +
    'else\n' +
    '\tcurl --version > /dev/null\n' +
    '\tif [ $? -eq 0 ]\n' +
    '\tthen\n' +
    "\t\tcurl --connect-timeout 7 -s --header='Metadata:true' http://169.254.169.254/metadata/instance?api-version=2019-03-11\n" +
    '\tfi\n' +
    'fi\n' +
    'exit 0'
]
[IPC Library: Pty Host]  WARN Shell integration cannot be enabled for executable "/bin/sh" and args [
  '-c',
  'wget --version > /dev/null\n' +
    'if [ $? -eq 0 ]\n' +
    'then\n' +
    '\twget --connect-timeout=7 --tries=1 --dns-timeout=7 -q  -O - http://169.254.169.254/latest/meta-data/instance-id\n' +
    'else\n' +
    '\tcurl --version > /dev/null\n' +
    '\tif [ $? -eq 0 ]\n' +
    '\tthen\n' +
    '\t\tcurl --connect-timeout 7 -s  http://169.254.169.254/latest/meta-data/instance-id\n' +
    '\tfi\n' +
    'fi\n' +
    'exit 0'
]
[IPC Library: Pty Host]  WARN Shell integration cannot be enabled for executable "/bin/sh" and args [
  '-c',
  'wget --version > /dev/null\n' +
    'if [ $? -eq 0 ]\n' +
    'then\n' +
    '\twget --connect-timeout=7 --tries=1 --dns-timeout=7 -q  -O - http://169.254.169.254/metadata/v1/id\n' +
    'else\n' +
    '\tcurl --version > /dev/null\n' +
    '\tif [ $? -eq 0 ]\n' +
    '\tthen\n' +
    '\t\tcurl --connect-timeout 7 -s  http://169.254.169.254/metadata/v1/id\n' +
    '\tfi\n' +
    'fi\n' +
    'exit 0'
]
[IPC Library: Pty Host]  WARN Shell integration cannot be enabled for executable "/bin/sh" and args [
  '-c',
  'wget --version > /dev/null\n' +
    'if [ $? -eq 0 ]\n' +
    'then\n' +
    "\twget --connect-timeout=7 --tries=1 --dns-timeout=7 -q --header='Metadata-Flavor:Google' -O - http://metadata.google.internal/computeMetadata/v1/instance/id\n" +
    'else\n' +
    '\tcurl --version > /dev/null\n' +
    '\tif [ $? -eq 0 ]\n' +
    '\tthen\n' +
    "\t\tcurl --connect-timeout 7 -s --header='Metadata-Flavor:Google' http://metadata.google.internal/computeMetadata/v1/instance/id\n" +
    '\tfi\n' +
    'fi\n' +
    'exit 0'
]
rejected promise not handled within 1 second: CodeExpectedError: Could not find pty on pty host
stack trace: CodeExpectedError: Could not find pty on pty host
    at k.L (/home/daf.web.id/public_html/vai/.vscode-server/bin/695af097c7bd098fbf017ce3ac85e09bbc5dda06/out/vs/platform/terminal/node/ptyHostMain.js:28:6920)
    at k.updateIcon (/home/daf.web.id/public_html/vai/.vscode-server/bin/695af097c7bd098fbf017ce3ac85e09bbc5dda06/out/vs/platform/terminal/node/ptyHostMain.js:28:2677)
    at Object.call (/home/daf.web.id/public_html/vai/.vscode-server/bin/695af097c7bd098fbf017ce3ac85e09bbc5dda06/out/vs/platform/terminal/node/ptyHostMain.js:17:5058)
    at h.s (/home/daf.web.id/public_html/vai/.vscode-server/bin/695af097c7bd098fbf017ce3ac85e09bbc5dda06/out/vs/platform/terminal/node/ptyHostMain.js:15:5412)
    at h.q (/home/daf.web.id/public_html/vai/.vscode-server/bin/695af097c7bd098fbf017ce3ac85e09bbc5dda06/out/vs/platform/terminal/node/ptyHostMain.js:15:4915)
    at /home/daf.web.id/public_html/vai/.vscode-server/bin/695af097c7bd098fbf017ce3ac85e09bbc5dda06/out/vs/platform/terminal/node/ptyHostMain.js:15:4326
    at l.invoke (/home/daf.web.id/public_html/vai/.vscode-server/bin/695af097c7bd098fbf017ce3ac85e09bbc5dda06/out/vs/platform/terminal/node/ptyHostMain.js:11:145)
    at u.deliver (/home/daf.web.id/public_html/vai/.vscode-server/bin/695af097c7bd098fbf017ce3ac85e09bbc5dda06/out/vs/platform/terminal/node/ptyHostMain.js:11:2125)
    at s.fire (/home/daf.web.id/public_html/vai/.vscode-server/bin/695af097c7bd098fbf017ce3ac85e09bbc5dda06/out/vs/platform/terminal/node/ptyHostMain.js:11:1733)
    at process.z (/home/daf.web.id/public_html/vai/.vscode-server/bin/695af097c7bd098fbf017ce3ac85e09bbc5dda06/out/vs/platform/terminal/node/ptyHostMain.js:9:21144)
    at process.emit (node:events:513:28)
    at emit (node:internal/child_process:939:14)
    at processTicksAndRejections (node:internal/process/task_queues:84:21)
[09:10:32] Error [CodeExpectedError]: Could not find pty on pty host
    at k.L (/home/daf.web.id/public_html/vai/.vscode-server/bin/695af097c7bd098fbf017ce3ac85e09bbc5dda06/out/vs/platform/terminal/node/ptyHostMain.js:28:6920)
    at k.updateIcon (/home/daf.web.id/public_html/vai/.vscode-server/bin/695af097c7bd098fbf017ce3ac85e09bbc5dda06/out/vs/platform/terminal/node/ptyHostMain.js:28:2677)
    at Object.call (/home/daf.web.id/public_html/vai/.vscode-server/bin/695af097c7bd098fbf017ce3ac85e09bbc5dda06/out/vs/platform/terminal/node/ptyHostMain.js:17:5058)
    at h.s (/home/daf.web.id/public_html/vai/.vscode-server/bin/695af097c7bd098fbf017ce3ac85e09bbc5dda06/out/vs/platform/terminal/node/ptyHostMain.js:15:5412)
    at h.q (/home/daf.web.id/public_html/vai/.vscode-server/bin/695af097c7bd098fbf017ce3ac85e09bbc5dda06/out/vs/platform/terminal/node/ptyHostMain.js:15:4915)
    at /home/daf.web.id/public_html/vai/.vscode-server/bin/695af097c7bd098fbf017ce3ac85e09bbc5dda06/out/vs/platform/terminal/node/ptyHostMain.js:15:4326
    at l.invoke (/home/daf.web.id/public_html/vai/.vscode-server/bin/695af097c7bd098fbf017ce3ac85e09bbc5dda06/out/vs/platform/terminal/node/ptyHostMain.js:11:145)
    at u.deliver (/home/daf.web.id/public_html/vai/.vscode-server/bin/695af097c7bd098fbf017ce3ac85e09bbc5dda06/out/vs/platform/terminal/node/ptyHostMain.js:11:2125)
    at s.fire (/home/daf.web.id/public_html/vai/.vscode-server/bin/695af097c7bd098fbf017ce3ac85e09bbc5dda06/out/vs/platform/terminal/node/ptyHostMain.js:11:1733)
    at process.z (/home/daf.web.id/public_html/vai/.vscode-server/bin/695af097c7bd098fbf017ce3ac85e09bbc5dda06/out/vs/platform/terminal/node/ptyHostMain.js:9:21144)
    at process.emit (node:events:513:28)
    at emit (node:internal/child_process:939:14)
    at processTicksAndRejections (node:internal/process/task_queues:84:21)
rejected promise not handled within 1 second: CodeExpectedError: Could not find pty on pty host
stack trace: CodeExpectedError: Could not find pty on pty host
    at k.L (/home/daf.web.id/public_html/vai/.vscode-server/bin/695af097c7bd098fbf017ce3ac85e09bbc5dda06/out/vs/platform/terminal/node/ptyHostMain.js:28:6920)
    at k.updateTitle (/home/daf.web.id/public_html/vai/.vscode-server/bin/695af097c7bd098fbf017ce3ac85e09bbc5dda06/out/vs/platform/terminal/node/ptyHostMain.js:28:2627)
    at Object.call (/home/daf.web.id/public_html/vai/.vscode-server/bin/695af097c7bd098fbf017ce3ac85e09bbc5dda06/out/vs/platform/terminal/node/ptyHostMain.js:17:5058)
    at h.s (/home/daf.web.id/public_html/vai/.vscode-server/bin/695af097c7bd098fbf017ce3ac85e09bbc5dda06/out/vs/platform/terminal/node/ptyHostMain.js:15:5412)
    at h.q (/home/daf.web.id/public_html/vai/.vscode-server/bin/695af097c7bd098fbf017ce3ac85e09bbc5dda06/out/vs/platform/terminal/node/ptyHostMain.js:15:4915)
    at /home/daf.web.id/public_html/vai/.vscode-server/bin/695af097c7bd098fbf017ce3ac85e09bbc5dda06/out/vs/platform/terminal/node/ptyHostMain.js:15:4326
    at l.invoke (/home/daf.web.id/public_html/vai/.vscode-server/bin/695af097c7bd098fbf017ce3ac85e09bbc5dda06/out/vs/platform/terminal/node/ptyHostMain.js:11:145)
    at u.deliver (/home/daf.web.id/public_html/vai/.vscode-server/bin/695af097c7bd098fbf017ce3ac85e09bbc5dda06/out/vs/platform/terminal/node/ptyHostMain.js:11:2125)
    at s.fire (/home/daf.web.id/public_html/vai/.vscode-server/bin/695af097c7bd098fbf017ce3ac85e09bbc5dda06/out/vs/platform/terminal/node/ptyHostMain.js:11:1733)
    at process.z (/home/daf.web.id/public_html/vai/.vscode-server/bin/695af097c7bd098fbf017ce3ac85e09bbc5dda06/out/vs/platform/terminal/node/ptyHostMain.js:9:21144)
    at process.emit (node:events:513:28)
    at emit (node:internal/child_process:939:14)
    at processTicksAndRejections (node:internal/process/task_queues:84:21)
[09:10:32] Error [CodeExpectedError]: Could not find pty on pty host
    at k.L (/home/daf.web.id/public_html/vai/.vscode-server/bin/695af097c7bd098fbf017ce3ac85e09bbc5dda06/out/vs/platform/terminal/node/ptyHostMain.js:28:6920)
    at k.updateTitle (/home/daf.web.id/public_html/vai/.vscode-server/bin/695af097c7bd098fbf017ce3ac85e09bbc5dda06/out/vs/platform/terminal/node/ptyHostMain.js:28:2627)
    at Object.call (/home/daf.web.id/public_html/vai/.vscode-server/bin/695af097c7bd098fbf017ce3ac85e09bbc5dda06/out/vs/platform/terminal/node/ptyHostMain.js:17:5058)
    at h.s (/home/daf.web.id/public_html/vai/.vscode-server/bin/695af097c7bd098fbf017ce3ac85e09bbc5dda06/out/vs/platform/terminal/node/ptyHostMain.js:15:5412)
    at h.q (/home/daf.web.id/public_html/vai/.vscode-server/bin/695af097c7bd098fbf017ce3ac85e09bbc5dda06/out/vs/platform/terminal/node/ptyHostMain.js:15:4915)
    at /home/daf.web.id/public_html/vai/.vscode-server/bin/695af097c7bd098fbf017ce3ac85e09bbc5dda06/out/vs/platform/terminal/node/ptyHostMain.js:15:4326
    at l.invoke (/home/daf.web.id/public_html/vai/.vscode-server/bin/695af097c7bd098fbf017ce3ac85e09bbc5dda06/out/vs/platform/terminal/node/ptyHostMain.js:11:145)
    at u.deliver (/home/daf.web.id/public_html/vai/.vscode-server/bin/695af097c7bd098fbf017ce3ac85e09bbc5dda06/out/vs/platform/terminal/node/ptyHostMain.js:11:2125)
    at s.fire (/home/daf.web.id/public_html/vai/.vscode-server/bin/695af097c7bd098fbf017ce3ac85e09bbc5dda06/out/vs/platform/terminal/node/ptyHostMain.js:11:1733)
    at process.z (/home/daf.web.id/public_html/vai/.vscode-server/bin/695af097c7bd098fbf017ce3ac85e09bbc5dda06/out/vs/platform/terminal/node/ptyHostMain.js:9:21144)
    at process.emit (node:events:513:28)
    at emit (node:internal/child_process:939:14)
    at processTicksAndRejections (node:internal/process/task_queues:84:21)
[09:10:44] [127.0.0.1][86b93774][ManagementConnection] The client has disconnected gracefully, so the connection will be disposed.
[09:10:44] [127.0.0.1][bdef39c8][ExtensionHostConnection] <13198> Extension Host Process exited with code: 0, signal: null.
Cancelling previous shutdown timeout
[09:10:44] Cancelling previous shutdown timeout
[09:10:52] [127.0.0.1][7caaafd1][ManagementConnection] New connection established.
[09:10:52] [127.0.0.1][1824d6c8][ExtensionHostConnection] New connection established.
[09:10:52] [127.0.0.1][1824d6c8][ExtensionHostConnection] <13401> Launched Extension Host Process.
[IPC Library: Pty Host]  WARN Shell integration cannot be enabled for executable "/bin/sh" and args [
  '-c',
  'wget --version > /dev/null\n' +
    'if [ $? -eq 0 ]\n' +
    'then\n' +
    "\twget --connect-timeout=7 --tries=1 --dns-timeout=7 -q --header='Metadata:true' -O - http://169.254.169.254/metadata/instance?api-version=2019-03-11\n" +
    'else\n' +
    '\tcurl --version > /dev/null\n' +
    '\tif [ $? -eq 0 ]\n' +
    '\tthen\n' +
    "\t\tcurl --connect-timeout 7 -s --header='Metadata:true' http://169.254.169.254/metadata/instance?api-version=2019-03-11\n" +
    '\tfi\n' +
    'fi\n' +
    'exit 0'
]
[IPC Library: Pty Host]  WARN Shell integration cannot be enabled for executable "/bin/sh" and args [
  '-c',
  'wget --version > /dev/null\n' +
    'if [ $? -eq 0 ]\n' +
    'then\n' +
    '\twget --connect-timeout=7 --tries=1 --dns-timeout=7 -q  -O - http://169.254.169.254/latest/meta-data/instance-id\n' +
    'else\n' +
    '\tcurl --version > /dev/null\n' +
    '\tif [ $? -eq 0 ]\n' +
    '\tthen\n' +
    '\t\tcurl --connect-timeout 7 -s  http://169.254.169.254/latest/meta-data/instance-id\n' +
    '\tfi\n' +
    'fi\n' +
    'exit 0'
]
[IPC Library: Pty Host]  WARN Shell integration cannot be enabled for executable "/bin/sh" and args [
  '-c',
  'wget --version > /dev/null\n' +
    'if [ $? -eq 0 ]\n' +
    'then\n' +
    '\twget --connect-timeout=7 --tries=1 --dns-timeout=7 -q  -O - http://169.254.169.254/metadata/v1/id\n' +
    'else\n' +
    '\tcurl --version > /dev/null\n' +
    '\tif [ $? -eq 0 ]\n' +
    '\tthen\n' +
    '\t\tcurl --connect-timeout 7 -s  http://169.254.169.254/metadata/v1/id\n' +
    '\tfi\n' +
    'fi\n' +
    'exit 0'
]
[IPC Library: Pty Host]  WARN Shell integration cannot be enabled for executable "/bin/sh" and args [
  '-c',
  'wget --version > /dev/null\n' +
    'if [ $? -eq 0 ]\n' +
    'then\n' +
    "\twget --connect-timeout=7 --tries=1 --dns-timeout=7 -q --header='Metadata-Flavor:Google' -O - http://metadata.google.internal/computeMetadata/v1/instance/id\n" +
    'else\n' +
    '\tcurl --version > /dev/null\n' +
    '\tif [ $? -eq 0 ]\n' +
    '\tthen\n' +
    "\t\tcurl --connect-timeout 7 -s --header='Metadata-Flavor:Google' http://metadata.google.internal/computeMetadata/v1/instance/id\n" +
    '\tfi\n' +
    'fi\n' +
    'exit 0'
]
[09:41:39] [127.0.0.1][7caaafd1][ManagementConnection] The client has disconnected gracefully, so the connection will be disposed.
[09:41:39] [127.0.0.1][1824d6c8][ExtensionHostConnection] <13401> Extension Host Process exited with code: 0, signal: null.
[09:43:30] [127.0.0.1][f63e9955][ManagementConnection] New connection established.
[09:43:31] [127.0.0.1][9b37bf12][ExtensionHostConnection] New connection established.
[09:43:31] [127.0.0.1][9b37bf12][ExtensionHostConnection] <15648> Launched Extension Host Process.
[IPC Library: Pty Host]  WARN Shell integration cannot be enabled for executable "/bin/sh" and args [
  '-c',
  'wget --version > /dev/null\n' +
    'if [ $? -eq 0 ]\n' +
    'then\n' +
    "\twget --connect-timeout=7 --tries=1 --dns-timeout=7 -q --header='Metadata:true' -O - http://169.254.169.254/metadata/instance?api-version=2019-03-11\n" +
    'else\n' +
    '\tcurl --version > /dev/null\n' +
    '\tif [ $? -eq 0 ]\n' +
    '\tthen\n' +
    "\t\tcurl --connect-timeout 7 -s --header='Metadata:true' http://169.254.169.254/metadata/instance?api-version=2019-03-11\n" +
    '\tfi\n' +
    'fi\n' +
    'exit 0'
]
[IPC Library: Pty Host]  WARN Shell integration cannot be enabled for executable "/bin/sh" and args [
  '-c',
  'wget --version > /dev/null\n' +
    'if [ $? -eq 0 ]\n' +
    'then\n' +
    '\twget --connect-timeout=7 --tries=1 --dns-timeout=7 -q  -O - http://169.254.169.254/latest/meta-data/instance-id\n' +
    'else\n' +
    '\tcurl --version > /dev/null\n' +
    '\tif [ $? -eq 0 ]\n' +
    '\tthen\n' +
    '\t\tcurl --connect-timeout 7 -s  http://169.254.169.254/latest/meta-data/instance-id\n' +
    '\tfi\n' +
    'fi\n' +
    'exit 0'
]
[IPC Library: Pty Host]  WARN Shell integration cannot be enabled for executable "/bin/sh" and args [
  '-c',
  'wget --version > /dev/null\n' +
    'if [ $? -eq 0 ]\n' +
    'then\n' +
    '\twget --connect-timeout=7 --tries=1 --dns-timeout=7 -q  -O - http://169.254.169.254/metadata/v1/id\n' +
    'else\n' +
    '\tcurl --version > /dev/null\n' +
    '\tif [ $? -eq 0 ]\n' +
    '\tthen\n' +
    '\t\tcurl --connect-timeout 7 -s  http://169.254.169.254/metadata/v1/id\n' +
    '\tfi\n' +
    'fi\n' +
    'exit 0'
]
[IPC Library: Pty Host]  WARN Shell integration cannot be enabled for executable "/bin/sh" and args [
  '-c',
  'wget --version > /dev/null\n' +
    'if [ $? -eq 0 ]\n' +
    'then\n' +
    "\twget --connect-timeout=7 --tries=1 --dns-timeout=7 -q --header='Metadata-Flavor:Google' -O - http://metadata.google.internal/computeMetadata/v1/instance/id\n" +
    'else\n' +
    '\tcurl --version > /dev/null\n' +
    '\tif [ $? -eq 0 ]\n' +
    '\tthen\n' +
    "\t\tcurl --connect-timeout 7 -s --header='Metadata-Flavor:Google' http://metadata.google.internal/computeMetadata/v1/instance/id\n" +
    '\tfi\n' +
    'fi\n' +
    'exit 0'
]
rejected promise not handled within 1 second: CodeExpectedError: Could not find pty on pty host
stack trace: CodeExpectedError: Could not find pty on pty host
    at k.L (/home/daf.web.id/public_html/vai/.vscode-server/bin/695af097c7bd098fbf017ce3ac85e09bbc5dda06/out/vs/platform/terminal/node/ptyHostMain.js:28:6920)
    at k.updateTitle (/home/daf.web.id/public_html/vai/.vscode-server/bin/695af097c7bd098fbf017ce3ac85e09bbc5dda06/out/vs/platform/terminal/node/ptyHostMain.js:28:2627)
    at Object.call (/home/daf.web.id/public_html/vai/.vscode-server/bin/695af097c7bd098fbf017ce3ac85e09bbc5dda06/out/vs/platform/terminal/node/ptyHostMain.js:17:5058)
    at h.s (/home/daf.web.id/public_html/vai/.vscode-server/bin/695af097c7bd098fbf017ce3ac85e09bbc5dda06/out/vs/platform/terminal/node/ptyHostMain.js:15:5412)
    at h.q (/home/daf.web.id/public_html/vai/.vscode-server/bin/695af097c7bd098fbf017ce3ac85e09bbc5dda06/out/vs/platform/terminal/node/ptyHostMain.js:15:4915)
    at /home/daf.web.id/public_html/vai/.vscode-server/bin/695af097c7bd098fbf017ce3ac85e09bbc5dda06/out/vs/platform/terminal/node/ptyHostMain.js:15:4326
    at l.invoke (/home/daf.web.id/public_html/vai/.vscode-server/bin/695af097c7bd098fbf017ce3ac85e09bbc5dda06/out/vs/platform/terminal/node/ptyHostMain.js:11:145)
    at u.deliver (/home/daf.web.id/public_html/vai/.vscode-server/bin/695af097c7bd098fbf017ce3ac85e09bbc5dda06/out/vs/platform/terminal/node/ptyHostMain.js:11:2125)
    at s.fire (/home/daf.web.id/public_html/vai/.vscode-server/bin/695af097c7bd098fbf017ce3ac85e09bbc5dda06/out/vs/platform/terminal/node/ptyHostMain.js:11:1733)
    at process.z (/home/daf.web.id/public_html/vai/.vscode-server/bin/695af097c7bd098fbf017ce3ac85e09bbc5dda06/out/vs/platform/terminal/node/ptyHostMain.js:9:21144)
    at process.emit (node:events:513:28)
    at emit (node:internal/child_process:939:14)
    at processTicksAndRejections (node:internal/process/task_queues:84:21)
[09:43:33] Error [CodeExpectedError]: Could not find pty on pty host
    at k.L (/home/daf.web.id/public_html/vai/.vscode-server/bin/695af097c7bd098fbf017ce3ac85e09bbc5dda06/out/vs/platform/terminal/node/ptyHostMain.js:28:6920)
    at k.updateTitle (/home/daf.web.id/public_html/vai/.vscode-server/bin/695af097c7bd098fbf017ce3ac85e09bbc5dda06/out/vs/platform/terminal/node/ptyHostMain.js:28:2627)
    at Object.call (/home/daf.web.id/public_html/vai/.vscode-server/bin/695af097c7bd098fbf017ce3ac85e09bbc5dda06/out/vs/platform/terminal/node/ptyHostMain.js:17:5058)
    at h.s (/home/daf.web.id/public_html/vai/.vscode-server/bin/695af097c7bd098fbf017ce3ac85e09bbc5dda06/out/vs/platform/terminal/node/ptyHostMain.js:15:5412)
    at h.q (/home/daf.web.id/public_html/vai/.vscode-server/bin/695af097c7bd098fbf017ce3ac85e09bbc5dda06/out/vs/platform/terminal/node/ptyHostMain.js:15:4915)
    at /home/daf.web.id/public_html/vai/.vscode-server/bin/695af097c7bd098fbf017ce3ac85e09bbc5dda06/out/vs/platform/terminal/node/ptyHostMain.js:15:4326
    at l.invoke (/home/daf.web.id/public_html/vai/.vscode-server/bin/695af097c7bd098fbf017ce3ac85e09bbc5dda06/out/vs/platform/terminal/node/ptyHostMain.js:11:145)
    at u.deliver (/home/daf.web.id/public_html/vai/.vscode-server/bin/695af097c7bd098fbf017ce3ac85e09bbc5dda06/out/vs/platform/terminal/node/ptyHostMain.js:11:2125)
    at s.fire (/home/daf.web.id/public_html/vai/.vscode-server/bin/695af097c7bd098fbf017ce3ac85e09bbc5dda06/out/vs/platform/terminal/node/ptyHostMain.js:11:1733)
    at process.z (/home/daf.web.id/public_html/vai/.vscode-server/bin/695af097c7bd098fbf017ce3ac85e09bbc5dda06/out/vs/platform/terminal/node/ptyHostMain.js:9:21144)
    at process.emit (node:events:513:28)
    at emit (node:internal/child_process:939:14)
    at processTicksAndRejections (node:internal/process/task_queues:84:21)
[09:43:43] [127.0.0.1][f63e9955][ManagementConnection] The client has disconnected gracefully, so the connection will be disposed.
[09:43:43] [127.0.0.1][9b37bf12][ExtensionHostConnection] <15648> Extension Host Process exited with code: 0, signal: null.
[09:43:55] [127.0.0.1][ad60ada3][ManagementConnection] New connection established.
[09:43:55] [127.0.0.1][2e38dcd7][ExtensionHostConnection] New connection established.
[09:43:55] [127.0.0.1][2e38dcd7][ExtensionHostConnection] <15849> Launched Extension Host Process.
[IPC Library: Pty Host]  WARN Shell integration cannot be enabled for executable "/bin/sh" and args [
  '-c',
  'wget --version > /dev/null\n' +
    'if [ $? -eq 0 ]\n' +
    'then\n' +
    "\twget --connect-timeout=7 --tries=1 --dns-timeout=7 -q --header='Metadata:true' -O - http://169.254.169.254/metadata/instance?api-version=2019-03-11\n" +
    'else\n' +
    '\tcurl --version > /dev/null\n' +
    '\tif [ $? -eq 0 ]\n' +
    '\tthen\n' +
    "\t\tcurl --connect-timeout 7 -s --header='Metadata:true' http://169.254.169.254/metadata/instance?api-version=2019-03-11\n" +
    '\tfi\n' +
    'fi\n' +
    'exit 0'
]
[IPC Library: Pty Host]  WARN Shell integration cannot be enabled for executable "/bin/sh" and args [
  '-c',
  'wget --version > /dev/null\n' +
    'if [ $? -eq 0 ]\n' +
    'then\n' +
    '\twget --connect-timeout=7 --tries=1 --dns-timeout=7 -q  -O - http://169.254.169.254/latest/meta-data/instance-id\n' +
    'else\n' +
    '\tcurl --version > /dev/null\n' +
    '\tif [ $? -eq 0 ]\n' +
    '\tthen\n' +
    '\t\tcurl --connect-timeout 7 -s  http://169.254.169.254/latest/meta-data/instance-id\n' +
    '\tfi\n' +
    'fi\n' +
    'exit 0'
]
[IPC Library: Pty Host]  WARN Shell integration cannot be enabled for executable "/bin/sh" and args [
  '-c',
  'wget --version > /dev/null\n' +
    'if [ $? -eq 0 ]\n' +
    'then\n' +
    '\twget --connect-timeout=7 --tries=1 --dns-timeout=7 -q  -O - http://169.254.169.254/metadata/v1/id\n' +
    'else\n' +
    '\tcurl --version > /dev/null\n' +
    '\tif [ $? -eq 0 ]\n' +
    '\tthen\n' +
    '\t\tcurl --connect-timeout 7 -s  http://169.254.169.254/metadata/v1/id\n' +
    '\tfi\n' +
    'fi\n' +
    'exit 0'
]
[IPC Library: Pty Host]  WARN Shell integration cannot be enabled for executable "/bin/sh" and args [
  '-c',
  'wget --version > /dev/null\n' +
    'if [ $? -eq 0 ]\n' +
    'then\n' +
    "\twget --connect-timeout=7 --tries=1 --dns-timeout=7 -q --header='Metadata-Flavor:Google' -O - http://metadata.google.internal/computeMetadata/v1/instance/id\n" +
    'else\n' +
    '\tcurl --version > /dev/null\n' +
    '\tif [ $? -eq 0 ]\n' +
    '\tthen\n' +
    "\t\tcurl --connect-timeout 7 -s --header='Metadata-Flavor:Google' http://metadata.google.internal/computeMetadata/v1/instance/id\n" +
    '\tfi\n' +
    'fi\n' +
    'exit 0'
]
[09:48:31] [127.0.0.1][cb0ea91e][ExtensionHostConnection] <12513> Extension Host Process exited with code: 0, signal: null.
